[2024-01-03 15:32:09] This is codeql database create earlyaccessDb --language=java --command=gradle --no-daemon clean test
[2024-01-03 15:32:09] Log file was started late.
[2024-01-03 15:32:09] [PROGRESS] database create> Initializing database at D:\CyberSec\CTF(Android)\SheHacks-23\Android\earlyaccess\earlyaccessDb.
[2024-01-03 15:32:09] Running plumbing command: codeql database init --language=java --extractor-options-verbosity=1 --qlconfig-file=D:\CyberSec\CTF(Android)\SheHacks-23\Android\earlyaccess\qlconfig.yml --source-root=D:\CyberSec\CTF(Android)\SheHacks-23\Android\earlyaccess --allow-missing-source-root=false --allow-already-existing -- D:\CyberSec\CTF(Android)\SheHacks-23\Android\earlyaccess\earlyaccessDb
[2024-01-03 15:32:09] Calling plumbing command: codeql resolve languages --extractor-options-verbosity=1 --format=betterjson
[2024-01-03 15:32:10] [DETAILS] resolve languages> Scanning for [codeql-extractor.yml] from C:\Users\User\codeql-home\codeql-bundle\codeql\.codeqlmanifest.json
[2024-01-03 15:32:10] [DETAILS] resolve languages> Parsing C:\Users\User\codeql-home\codeql-bundle\codeql\cpp\codeql-extractor.yml.
[2024-01-03 15:32:10] [DETAILS] resolve languages> Parsing C:\Users\User\codeql-home\codeql-bundle\codeql\csharp\codeql-extractor.yml.
[2024-01-03 15:32:10] [DETAILS] resolve languages> Parsing C:\Users\User\codeql-home\codeql-bundle\codeql\csv\codeql-extractor.yml.
[2024-01-03 15:32:10] [DETAILS] resolve languages> Parsing C:\Users\User\codeql-home\codeql-bundle\codeql\go\codeql-extractor.yml.
[2024-01-03 15:32:10] [DETAILS] resolve languages> Parsing C:\Users\User\codeql-home\codeql-bundle\codeql\html\codeql-extractor.yml.
[2024-01-03 15:32:10] [DETAILS] resolve languages> Parsing C:\Users\User\codeql-home\codeql-bundle\codeql\java\codeql-extractor.yml.
[2024-01-03 15:32:10] [DETAILS] resolve languages> Parsing C:\Users\User\codeql-home\codeql-bundle\codeql\javascript\codeql-extractor.yml.
[2024-01-03 15:32:10] [DETAILS] resolve languages> Parsing C:\Users\User\codeql-home\codeql-bundle\codeql\properties\codeql-extractor.yml.
[2024-01-03 15:32:10] [DETAILS] resolve languages> Parsing C:\Users\User\codeql-home\codeql-bundle\codeql\python\codeql-extractor.yml.
[2024-01-03 15:32:10] [DETAILS] resolve languages> Parsing C:\Users\User\codeql-home\codeql-bundle\codeql\ruby\codeql-extractor.yml.
[2024-01-03 15:32:10] [DETAILS] resolve languages> Parsing C:\Users\User\codeql-home\codeql-bundle\codeql\swift\codeql-extractor.yml.
[2024-01-03 15:32:10] [DETAILS] resolve languages> Parsing C:\Users\User\codeql-home\codeql-bundle\codeql\xml\codeql-extractor.yml.
[2024-01-03 15:32:10] [DETAILS] resolve languages> Parsing C:\Users\User\codeql-home\codeql-bundle\codeql\yaml\codeql-extractor.yml.
[2024-01-03 15:32:10] Plumbing command codeql resolve languages completed:
                      {
                        "aliases" : {
                          "c" : "cpp",
                          "c++" : "cpp",
                          "c-c++" : "cpp",
                          "c-cpp" : "cpp",
                          "c#" : "csharp",
                          "java-kotlin" : "java",
                          "kotlin" : "java",
                          "javascript-typescript" : "javascript",
                          "typescript" : "javascript"
                        },
                        "extractors" : {
                          "cpp" : [
                            {
                              "extractor_root" : "C:\\Users\\User\\codeql-home\\codeql-bundle\\codeql\\cpp"
                            }
                          ],
                          "csharp" : [
                            {
                              "extractor_root" : "C:\\Users\\User\\codeql-home\\codeql-bundle\\codeql\\csharp",
                              "extractor_options" : {
                                "trap" : {
                                  "title" : "Options pertaining to TRAP.",
                                  "description" : "Options pertaining to TRAP.",
                                  "type" : "object",
                                  "properties" : {
                                    "compression" : {
                                      "title" : "Controls compression for the TRAP files written by the extractor.",
                                      "description" : "This option is only intended for use in debugging the extractor. Accepted values are 'brotli' (the default, to write brotli-compressed TRAP), 'gzip', and 'none' (to write uncompressed TRAP).\n",
                                      "type" : "string",
                                      "pattern" : "^(none|gzip|brotli)$"
                                    }
                                  }
                                },
                                "buildless" : {
                                  "title" : "Whether to use buildless (standalone) extraction.",
                                  "description" : "A value indicating, which type of extraction the autobuilder should perform. If 'true', then the standalone extractor will be used, otherwise tracing extraction will be performed. The default is 'false'. Note that buildless extraction will generally yield less accurate analysis results, and should only be used in cases where it is not possible to build the code (for example if it uses inaccessible dependencies).\n",
                                  "type" : "string",
                                  "pattern" : "^(false|true)$"
                                },
                                "cil" : {
                                  "title" : "Whether to enable CIL extraction.",
                                  "description" : "A value indicating, whether CIL extraction should be enabled. The default is 'true'.\n",
                                  "type" : "string",
                                  "pattern" : "^(false|true)$"
                                }
                              }
                            }
                          ],
                          "csv" : [
                            {
                              "extractor_root" : "C:\\Users\\User\\codeql-home\\codeql-bundle\\codeql\\csv"
                            }
                          ],
                          "go" : [
                            {
                              "extractor_root" : "C:\\Users\\User\\codeql-home\\codeql-bundle\\codeql\\go"
                            }
                          ],
                          "html" : [
                            {
                              "extractor_root" : "C:\\Users\\User\\codeql-home\\codeql-bundle\\codeql\\html"
                            }
                          ],
                          "java" : [
                            {
                              "extractor_root" : "C:\\Users\\User\\codeql-home\\codeql-bundle\\codeql\\java",
                              "extractor_options" : {
                                "exclude" : {
                                  "title" : "A glob excluding files from analysis.",
                                  "description" : "A glob indicating what files to exclude from the analysis.\n",
                                  "type" : "string"
                                },
                                "add_prefer_source" : {
                                  "title" : "Whether to always prefer source files over class files.",
                                  "description" : "A value indicating whether source files should be preferred over class files. If set to 'true', the extraction adds '-Xprefer:source' to the javac command line. If set to 'false', the extraction uses the default javac behavior ('-Xprefer:newer'). The default is 'true'.\n",
                                  "type" : "string",
                                  "pattern" : "^(false|true)$"
                                },
                                "buildless" : {
                                  "title" : "Whether to use buildless (standalone) extraction (experimental).",
                                  "description" : "A value indicating, which type of extraction the autobuilder should perform. If 'true', then the standalone extractor will be used, otherwise tracing extraction will be performed. The default is 'false'. Note that buildless extraction will generally yield less accurate analysis results, and should only be used in cases where it is not possible to build the code (for example if it uses inaccessible dependencies).\n",
                                  "type" : "string",
                                  "pattern" : "^(false|true)$"
                                }
                              }
                            }
                          ],
                          "javascript" : [
                            {
                              "extractor_root" : "C:\\Users\\User\\codeql-home\\codeql-bundle\\codeql\\javascript",
                              "extractor_options" : { }
                            }
                          ],
                          "properties" : [
                            {
                              "extractor_root" : "C:\\Users\\User\\codeql-home\\codeql-bundle\\codeql\\properties"
                            }
                          ],
                          "python" : [
                            {
                              "extractor_root" : "C:\\Users\\User\\codeql-home\\codeql-bundle\\codeql\\python",
                              "extractor_options" : {
                                "logging" : {
                                  "title" : "Options pertaining to logging.",
                                  "description" : "Options pertaining to logging.",
                                  "type" : "object",
                                  "properties" : {
                                    "verbosity" : {
                                      "title" : "Python extractor logging verbosity level.",
                                      "description" : "Controls the level of verbosity of the CodeQL Python extractor.\nThe supported levels are (in order of increasing verbosity):\n\n  - off\n  - errors\n  - warnings\n  - info or progress\n  - debug or progress+\n  - trace or progress++\n  - progress+++\n",
                                      "type" : "string",
                                      "pattern" : "^(off|errors|warnings|(info|progress)|(debug|progress\\+)|(trace|progress\\+\\+)|progress\\+\\+\\+)$"
                                    }
                                  }
                                }
                              }
                            }
                          ],
                          "ruby" : [
                            {
                              "extractor_root" : "C:\\Users\\User\\codeql-home\\codeql-bundle\\codeql\\ruby",
                              "extractor_options" : {
                                "trap" : {
                                  "title" : "Options pertaining to TRAP.",
                                  "description" : "Options pertaining to TRAP.",
                                  "type" : "object",
                                  "properties" : {
                                    "compression" : {
                                      "title" : "Controls compression for the TRAP files written by the extractor.",
                                      "description" : "This option is only intended for use in debugging the extractor. Accepted values are 'gzip' (the default, to write gzip-compressed TRAP) and 'none' (to write uncompressed TRAP).\n",
                                      "type" : "string",
                                      "pattern" : "^(none|gzip)$"
                                    }
                                  }
                                }
                              }
                            }
                          ],
                          "swift" : [
                            {
                              "extractor_root" : "C:\\Users\\User\\codeql-home\\codeql-bundle\\codeql\\swift"
                            }
                          ],
                          "xml" : [
                            {
                              "extractor_root" : "C:\\Users\\User\\codeql-home\\codeql-bundle\\codeql\\xml"
                            }
                          ],
                          "yaml" : [
                            {
                              "extractor_root" : "C:\\Users\\User\\codeql-home\\codeql-bundle\\codeql\\yaml"
                            }
                          ]
                        }
                      }
[2024-01-03 15:32:10] [PROGRESS] database init> Calculating baseline information in D:\CyberSec\CTF(Android)\SheHacks-23\Android\earlyaccess
[2024-01-03 15:32:10] [SPAMMY] database init> Ignoring the following directories when processing baseline information: .git, .hg, .svn.
[2024-01-03 15:32:10] [DETAILS] database init> Running command in D:\CyberSec\CTF(Android)\SheHacks-23\Android\earlyaccess: C:\Users\User\codeql-home\codeql-bundle\codeql\tools\win64\scc.exe --by-file --exclude-dir .git,.hg,.svn --format json --no-large --no-min .
[2024-01-03 15:32:10] [SPAMMY] database init> Found 4 baseline files for java.
[2024-01-03 15:32:10] [PROGRESS] database init> Calculated baseline information for languages: java (135ms).
[2024-01-03 15:32:10] [PROGRESS] database init> Resolving extractor java.
[2024-01-03 15:32:10] [DETAILS] database init> Found candidate extractor root for java: C:\Users\User\codeql-home\codeql-bundle\codeql\java.
[2024-01-03 15:32:10] [PROGRESS] database init> Successfully loaded extractor Java/Kotlin (java) from C:\Users\User\codeql-home\codeql-bundle\codeql\java.
[2024-01-03 15:32:10] [PROGRESS] database init> Created skeleton CodeQL database at D:\CyberSec\CTF(Android)\SheHacks-23\Android\earlyaccess\earlyaccessDb. This in-progress database is ready to be populated by an extractor.
[2024-01-03 15:32:10] Plumbing command codeql database init completed.
[2024-01-03 15:32:10] [PROGRESS] database create> Running build command: [gradle, --no-daemon, clean, test]
[2024-01-03 15:32:10] Running plumbing command: codeql database trace-command --working-dir=D:\CyberSec\CTF(Android)\SheHacks-23\Android\earlyaccess --index-traceless-dbs --no-db-cluster -- D:\CyberSec\CTF(Android)\SheHacks-23\Android\earlyaccess\earlyaccessDb gradle --no-daemon clean test
[2024-01-03 15:32:11] [PROGRESS] database trace-command> Running command in D:\CyberSec\CTF(Android)\SheHacks-23\Android\earlyaccess: [gradle, --no-daemon, clean, test]
[2024-01-03 15:32:13] [build-stdout] To honour the JVM settings for this build a single-use Daemon process will be forked. See https://docs.gradle.org/7.5.1/userguide/gradle_daemon.html#sec:disabling_the_daemon.
[2024-01-03 15:32:15] [build-stdout] Daemon will be stopped at the end of the build 
[2024-01-03 15:33:01] [build-stdout] > Task :app:clean UP-TO-DATE
[2024-01-03 15:33:31] [build-stdout] > Task :app:compileJava
[2024-01-03 15:33:54] [build-stdout] > Task :app:processResources NO-SOURCE
[2024-01-03 15:33:54] [build-stdout] > Task :app:classes
[2024-01-03 15:34:04] [build-stdout] > Task :app:compileTestJava
[2024-01-03 15:34:04] [build-stdout] > Task :app:processTestResources NO-SOURCE
[2024-01-03 15:34:04] [build-stdout] > Task :app:testClasses
[2024-01-03 15:34:06] [build-stdout] > Task :app:test
[2024-01-03 15:34:06] [build-stdout] BUILD SUCCESSFUL in 1m 54s
[2024-01-03 15:34:06] [build-stdout] 4 actionable tasks: 3 executed, 1 up-to-date
[2024-01-03 15:34:07] Plumbing command codeql database trace-command completed.
[2024-01-03 15:34:07] [PROGRESS] database create> Finalizing database at D:\CyberSec\CTF(Android)\SheHacks-23\Android\earlyaccess\earlyaccessDb.
[2024-01-03 15:34:07] Running plumbing command: codeql database finalize --mode=trim --no-db-cluster -- D:\CyberSec\CTF(Android)\SheHacks-23\Android\earlyaccess\earlyaccessDb
[2024-01-03 15:34:07] Using pre-finalize script C:\Users\User\codeql-home\codeql-bundle\codeql\java\tools\pre-finalize.cmd.
[2024-01-03 15:34:07] [PROGRESS] database finalize> Running pre-finalize script C:\Users\User\codeql-home\codeql-bundle\codeql\java\tools\pre-finalize.cmd in D:\CyberSec\CTF(Android)\SheHacks-23\Android\earlyaccess.
[2024-01-03 15:34:07] Running plumbing command: codeql database trace-command --working-dir=D:\CyberSec\CTF(Android)\SheHacks-23\Android\earlyaccess --no-tracing -- D:\CyberSec\CTF(Android)\SheHacks-23\Android\earlyaccess\earlyaccessDb C:\Users\User\codeql-home\codeql-bundle\codeql\java\tools\pre-finalize.cmd
[2024-01-03 15:34:07] [PROGRESS] database trace-command> Running command in D:\CyberSec\CTF(Android)\SheHacks-23\Android\earlyaccess: [C:\Users\User\codeql-home\codeql-bundle\codeql\java\tools\pre-finalize.cmd]
[2024-01-03 15:34:09] [build-stderr] Scanning for files in D:\CyberSec\CTF(Android)\SheHacks-23\Android\earlyaccess...
[2024-01-03 15:34:11] [build-stderr] D:\CyberSec\CTF(Android)\SheHacks-23\Android\earlyaccess\earlyaccessDb: Indexing files in in D:\CyberSec\CTF(Android)\SheHacks-23\Android\earlyaccess...
[2024-01-03 15:34:11] [build-stderr] Running command in D:\CyberSec\CTF(Android)\SheHacks-23\Android\earlyaccess: [C:\Users\User\codeql-home\codeql-bundle\codeql\xml\tools\index-files.cmd, D:\CyberSec\CTF(Android)\SheHacks-23\Android\earlyaccess\earlyaccessDb\working\files-to-index15501645088385435114.list]
[2024-01-03 15:34:12] Plumbing command codeql database trace-command completed.
[2024-01-03 15:34:12] [PROGRESS] database finalize> Running TRAP import for CodeQL database at D:\CyberSec\CTF(Android)\SheHacks-23\Android\earlyaccess\earlyaccessDb...
[2024-01-03 15:34:12] Running plumbing command: codeql dataset import --dbscheme=C:\Users\User\codeql-home\codeql-bundle\codeql\java\semmlecode.dbscheme -- D:\CyberSec\CTF(Android)\SheHacks-23\Android\earlyaccess\earlyaccessDb\db-java D:\CyberSec\CTF(Android)\SheHacks-23\Android\earlyaccess\earlyaccessDb\trap\java
[2024-01-03 15:34:13] Clearing disk cache since the version file D:\CyberSec\CTF(Android)\SheHacks-23\Android\earlyaccess\earlyaccessDb\db-java\default\cache\version does not exist
[2024-01-03 15:34:13] Tuple pool not found. Clearing relations with cached strings
[2024-01-03 15:34:13] Trimming disk cache at D:\CyberSec\CTF(Android)\SheHacks-23\Android\earlyaccess\earlyaccessDb\db-java\default\cache in mode clear.
[2024-01-03 15:34:13] Sequence stamp origin is -6234036568481090018
[2024-01-03 15:34:13] Pausing evaluation to hard-clear memory at sequence stamp o+0
[2024-01-03 15:34:13] Unpausing evaluation
[2024-01-03 15:34:13] Pausing evaluation to quickly trim disk at sequence stamp o+1
[2024-01-03 15:34:13] Unpausing evaluation
[2024-01-03 15:34:13] Pausing evaluation to zealously trim disk at sequence stamp o+2
[2024-01-03 15:34:13] Unpausing evaluation
[2024-01-03 15:34:13] Trimming completed (92ms): Purged everything.
[2024-01-03 15:34:14] Scanning for files in D:\CyberSec\CTF(Android)\SheHacks-23\Android\earlyaccess\earlyaccessDb\trap\java
[2024-01-03 15:34:15] Found 642 TRAP files (1.61 MiB)
[2024-01-03 15:34:15] [PROGRESS] dataset import> Importing TRAP files
[2024-01-03 15:34:15] Importing TEST-earlyaccess.AppTest.xml.trap.gz (1 of 642)
[2024-01-03 15:34:15] Importing App.java.trap.gz (2 of 642)
[2024-01-03 15:34:16] Importing AppTest.java.trap.gz (3 of 642)
[2024-01-03 15:34:16] Importing App.members#0.0-1704285100000-java.trap.gz (4 of 642)
[2024-01-03 15:34:16] Importing AppTest.members#0.0-1704285100000-java.trap.gz (5 of 642)
[2024-01-03 15:34:16] Importing Closeable.members#62.0-1687115733213-java.trap.gz (6 of 642)
[2024-01-03 15:34:16] Importing Console.members#62.0-1687115733213-java.trap.gz (7 of 642)
[2024-01-03 15:34:16] Importing DataInput.members#62.0-1687115733213-java.trap.gz (8 of 642)
[2024-01-03 15:34:16] Importing DataOutput.members#62.0-1687115733213-java.trap.gz (9 of 642)
[2024-01-03 15:34:16] Importing File.members#62.0-1687115733213-java.trap.gz (10 of 642)
[2024-01-03 15:34:16] Importing FileDescriptor.members#62.0-1687115733213-java.trap.gz (11 of 642)
[2024-01-03 15:34:16] Importing FileFilter.members#62.0-1687115733213-java.trap.gz (12 of 642)
[2024-01-03 15:34:16] Importing FileNotFoundException.members#62.0-1687115733213-java.trap.gz (13 of 642)
[2024-01-03 15:34:16] Importing FilenameFilter.members#62.0-1687115733213-java.trap.gz (14 of 642)
[2024-01-03 15:34:16] Importing FilterOutputStream.members#62.0-1687115733213-java.trap.gz (15 of 642)
[2024-01-03 15:34:16] Importing Flushable.members#62.0-1687115733213-java.trap.gz (16 of 642)
[2024-01-03 15:34:16] Importing IOException.members#62.0-1687115733213-java.trap.gz (17 of 642)
[2024-01-03 15:34:16] Importing InputStream.members#62.0-1687115733213-java.trap.gz (18 of 642)
[2024-01-03 15:34:16] Importing InvalidClassException.members#62.0-1687115733213-java.trap.gz (19 of 642)
[2024-01-03 15:34:16] Importing InvalidObjectException.members#62.0-1687115733213-java.trap.gz (20 of 642)
[2024-01-03 15:34:16] Importing NotActiveException.members#62.0-1687115733213-java.trap.gz (21 of 642)
[2024-01-03 15:34:16] Importing ObjectInput.members#62.0-1687115733213-java.trap.gz (22 of 642)
[2024-01-03 15:34:16] Importing ObjectInputFilter$FilterInfo.members#62.0-1687115733213-java.trap.gz (23 of 642)
[2024-01-03 15:34:16] Importing ObjectInputFilter$Status.members#62.0-1687115733213-java.trap.gz (24 of 642)
[2024-01-03 15:34:16] Importing ObjectInputFilter.members#62.0-1687115733213-java.trap.gz (25 of 642)
[2024-01-03 15:34:16] Importing ObjectInputStream$GetField.members#62.0-1687115733213-java.trap.gz (26 of 642)
[2024-01-03 15:34:16] Importing ObjectInputStream.members#62.0-1687115733213-java.trap.gz (27 of 642)
[2024-01-03 15:34:16] Importing ObjectInputValidation.members#62.0-1687115733213-java.trap.gz (28 of 642)
[2024-01-03 15:34:16] Importing ObjectOutput.members#62.0-1687115733213-java.trap.gz (29 of 642)
[2024-01-03 15:34:16] Importing ObjectOutputStream$PutField.members#62.0-1687115733213-java.trap.gz (30 of 642)
[2024-01-03 15:34:16] Importing ObjectOutputStream.members#62.0-1687115733213-java.trap.gz (31 of 642)
[2024-01-03 15:34:16] Importing ObjectStreamClass$ClassDataSlot.members#62.0-1687115733213-java.trap.gz (32 of 642)
[2024-01-03 15:34:16] Importing ObjectStreamClass.members#62.0-1687115733213-java.trap.gz (33 of 642)
[2024-01-03 15:34:16] Importing ObjectStreamConstants.members#62.0-1687115733213-java.trap.gz (34 of 642)
[2024-01-03 15:34:16] Importing ObjectStreamException.members#62.0-1687115733213-java.trap.gz (35 of 642)
[2024-01-03 15:34:16] Importing ObjectStreamField.members#62.0-1687115733213-java.trap.gz (36 of 642)
[2024-01-03 15:34:16] Importing OptionalDataException.members#62.0-1687115733213-java.trap.gz (37 of 642)
[2024-01-03 15:34:16] Importing OutputStream.members#62.0-1687115733213-java.trap.gz (38 of 642)
[2024-01-03 15:34:16] Importing PrintStream.members#62.0-1687115733213-java.trap.gz (39 of 642)
[2024-01-03 15:34:16] Importing PrintWriter.members#62.0-1687115733213-java.trap.gz (40 of 642)
[2024-01-03 15:34:16] Importing Reader.members#62.0-1687115733213-java.trap.gz (41 of 642)
[2024-01-03 15:34:16] Importing Serializable.members#62.0-1687115733213-java.trap.gz (42 of 642)
[2024-01-03 15:34:16] Importing SerializablePermission.members#62.0-1687115733213-java.trap.gz (43 of 642)
[2024-01-03 15:34:16] Importing StreamCorruptedException.members#62.0-1687115733213-java.trap.gz (44 of 642)
[2024-01-03 15:34:16] Importing SyncFailedException.members#62.0-1687115733213-java.trap.gz (45 of 642)
[2024-01-03 15:34:16] Importing UnsupportedEncodingException.members#62.0-1687115733213-java.trap.gz (46 of 642)
[2024-01-03 15:34:16] Importing Writer.members#62.0-1687115733213-java.trap.gz (47 of 642)
[2024-01-03 15:34:16] Importing AbstractStringBuilder.members#62.0-1687115733213-java.trap.gz (48 of 642)
[2024-01-03 15:34:16] Importing Appendable.members#62.0-1687115733213-java.trap.gz (49 of 642)
[2024-01-03 15:34:16] Importing AssertionError.members#62.0-1687115733213-java.trap.gz (50 of 642)
[2024-01-03 15:34:16] Importing AutoCloseable.members#62.0-1687115733213-java.trap.gz (51 of 642)
[2024-01-03 15:34:16] Importing Boolean.members#62.0-1687115733213-java.trap.gz (52 of 642)
[2024-01-03 15:34:16] Importing Byte.members#62.0-1687115733213-java.trap.gz (53 of 642)
[2024-01-03 15:34:16] Importing CharSequence.members#62.0-1687115733213-java.trap.gz (54 of 642)
[2024-01-03 15:34:16] Importing Character.members#62.0-1687115733213-java.trap.gz (55 of 642)
[2024-01-03 15:34:16] Importing Class.members#62.0-1687115733213-java.trap.gz (56 of 642)
[2024-01-03 15:34:17] Importing ClassFormatError.members#62.0-1687115733213-java.trap.gz (57 of 642)
[2024-01-03 15:34:17] Importing ClassLoader.members#62.0-1687115733213-java.trap.gz (58 of 642)
[2024-01-03 15:34:17] Importing ClassNotFoundException.members#62.0-1687115733213-java.trap.gz (59 of 642)
[2024-01-03 15:34:17] Importing ClassValue$ClassValueMap.members#62.0-1687115733213-java.trap.gz (60 of 642)
[2024-01-03 15:34:17] Importing ClassValue$Entry.members#62.0-1687115733213-java.trap.gz (61 of 642)
[2024-01-03 15:34:17] Importing ClassValue$Identity.members#62.0-1687115733213-java.trap.gz (62 of 642)
[2024-01-03 15:34:17] Importing ClassValue$Version.members#62.0-1687115733213-java.trap.gz (63 of 642)
[2024-01-03 15:34:17] Importing ClassValue.members#62.0-1687115733213-java.trap.gz (64 of 642)
[2024-01-03 15:34:17] Importing CloneNotSupportedException.members#62.0-1687115733213-java.trap.gz (65 of 642)
[2024-01-03 15:34:17] Importing Cloneable.members#62.0-1687115733213-java.trap.gz (66 of 642)
[2024-01-03 15:34:17] Importing Comparable.members#62.0-1687115733213-java.trap.gz (67 of 642)
[2024-01-03 15:34:17] Importing Deprecated.members#62.0-1687115733213-java.trap.gz (68 of 642)
[2024-01-03 15:34:17] Importing Double.members#62.0-1687115733213-java.trap.gz (69 of 642)
[2024-01-03 15:34:17] Importing Enum$EnumDesc.members#62.0-1687115733213-java.trap.gz (70 of 642)
[2024-01-03 15:34:17] Importing Enum.members#62.0-1687115733213-java.trap.gz (71 of 642)
[2024-01-03 15:34:17] Importing Error.members#62.0-1687115733213-java.trap.gz (72 of 642)
[2024-01-03 15:34:17] Importing Exception.members#62.0-1687115733213-java.trap.gz (73 of 642)
[2024-01-03 15:34:17] Importing Float.members#62.0-1687115733213-java.trap.gz (74 of 642)
[2024-01-03 15:34:17] Importing FunctionalInterface.members#62.0-1687115733213-java.trap.gz (75 of 642)
[2024-01-03 15:34:17] Importing IllegalAccessException.members#62.0-1687115733213-java.trap.gz (76 of 642)
[2024-01-03 15:34:17] Importing IllegalArgumentException.members#62.0-1687115733213-java.trap.gz (77 of 642)
[2024-01-03 15:34:17] Importing InstantiationException.members#62.0-1687115733213-java.trap.gz (78 of 642)
[2024-01-03 15:34:17] Importing Integer.members#62.0-1687115733213-java.trap.gz (79 of 642)
[2024-01-03 15:34:17] Importing InternalError.members#62.0-1687115733213-java.trap.gz (80 of 642)
[2024-01-03 15:34:17] Importing InterruptedException.members#62.0-1687115733213-java.trap.gz (81 of 642)
[2024-01-03 15:34:17] Importing Iterable.members#62.0-1687115733213-java.trap.gz (82 of 642)
[2024-01-03 15:34:17] Importing LinkageError.members#62.0-1687115733213-java.trap.gz (83 of 642)
[2024-01-03 15:34:17] Importing Long.members#62.0-1687115733213-java.trap.gz (84 of 642)
[2024-01-03 15:34:17] Importing Module.members#62.0-1687115733213-java.trap.gz (85 of 642)
[2024-01-03 15:34:17] Importing ModuleLayer$Controller.members#62.0-1687115733213-java.trap.gz (86 of 642)
[2024-01-03 15:34:17] Importing ModuleLayer.members#62.0-1687115733213-java.trap.gz (87 of 642)
[2024-01-03 15:34:17] Importing NamedPackage.members#62.0-1687115733213-java.trap.gz (88 of 642)
[2024-01-03 15:34:17] Importing NoSuchFieldException.members#62.0-1687115733213-java.trap.gz (89 of 642)
[2024-01-03 15:34:17] Importing NoSuchMethodException.members#62.0-1687115733213-java.trap.gz (90 of 642)
[2024-01-03 15:34:17] Importing Number.members#62.0-1687115733213-java.trap.gz (91 of 642)
[2024-01-03 15:34:17] Importing NumberFormatException.members#62.0-1687115733213-java.trap.gz (92 of 642)
[2024-01-03 15:34:17] Importing Object.members#62.0-1687115733213-java.trap.gz (93 of 642)
[2024-01-03 15:34:17] Importing Package.members#62.0-1687115733213-java.trap.gz (94 of 642)
[2024-01-03 15:34:17] Importing Readable.members#62.0-1687115733213-java.trap.gz (95 of 642)
[2024-01-03 15:34:17] Importing ReflectiveOperationException.members#62.0-1687115733213-java.trap.gz (96 of 642)
[2024-01-03 15:34:17] Importing Runnable.members#62.0-1687115733213-java.trap.gz (97 of 642)
[2024-01-03 15:34:17] Importing RuntimeException.members#62.0-1687115733213-java.trap.gz (98 of 642)
[2024-01-03 15:34:17] Importing SafeVarargs.members#62.0-1687115733213-java.trap.gz (99 of 642)
[2024-01-03 15:34:17] Importing SecurityException.members#62.0-1687115733213-java.trap.gz (100 of 642)
[2024-01-03 15:34:17] Importing SecurityManager.members#62.0-1687115733213-java.trap.gz (101 of 642)
[2024-01-03 15:34:17] Importing Short.members#62.0-1687115733213-java.trap.gz (102 of 642)
[2024-01-03 15:34:17] Importing StackFrameInfo.members#62.0-1687115733213-java.trap.gz (103 of 642)
[2024-01-03 15:34:17] Importing StackTraceElement.members#62.0-1687115733213-java.trap.gz (104 of 642)
[2024-01-03 15:34:17] Importing StackWalker$ExtendedOption.members#62.0-1687115733213-java.trap.gz (105 of 642)
[2024-01-03 15:34:17] Importing StackWalker$Option.members#62.0-1687115733213-java.trap.gz (106 of 642)
[2024-01-03 15:34:17] Importing StackWalker$StackFrame.members#62.0-1687115733213-java.trap.gz (107 of 642)
[2024-01-03 15:34:17] Importing StackWalker.members#62.0-1687115733213-java.trap.gz (108 of 642)
[2024-01-03 15:34:17] Importing String.members#62.0-1687115733213-java.trap.gz (109 of 642)
[2024-01-03 15:34:17] Importing StringBuffer.members#62.0-1687115733213-java.trap.gz (110 of 642)
[2024-01-03 15:34:17] Importing StringBuilder.members#62.0-1687115733213-java.trap.gz (111 of 642)
[2024-01-03 15:34:18] Importing System$Logger$Level.members#62.0-1687115733213-java.trap.gz (112 of 642)
[2024-01-03 15:34:18] Importing System$Logger.members#62.0-1687115733213-java.trap.gz (113 of 642)
[2024-01-03 15:34:18] Importing System.members#62.0-1687115733213-java.trap.gz (114 of 642)
[2024-01-03 15:34:18] Importing Thread$State.members#62.0-1687115733213-java.trap.gz (115 of 642)
[2024-01-03 15:34:18] Importing Thread$UncaughtExceptionHandler.members#62.0-1687115733213-java.trap.gz (116 of 642)
[2024-01-03 15:34:18] Importing Thread.members#62.0-1687115733213-java.trap.gz (117 of 642)
[2024-01-03 15:34:18] Importing ThreadGroup.members#62.0-1687115733213-java.trap.gz (118 of 642)
[2024-01-03 15:34:18] Importing ThreadLocal$ThreadLocalMap.members#62.0-1687115733213-java.trap.gz (119 of 642)
[2024-01-03 15:34:18] Importing ThreadLocal.members#62.0-1687115733213-java.trap.gz (120 of 642)
[2024-01-03 15:34:18] Importing Throwable.members#62.0-1687115733213-java.trap.gz (121 of 642)
[2024-01-03 15:34:18] Importing TypeNotPresentException.members#62.0-1687115733213-java.trap.gz (122 of 642)
[2024-01-03 15:34:18] Importing UnsupportedOperationException.members#62.0-1687115733213-java.trap.gz (123 of 642)
[2024-01-03 15:34:18] Importing VirtualMachineError.members#62.0-1687115733213-java.trap.gz (124 of 642)
[2024-01-03 15:34:18] Importing Void.members#62.0-1687115733213-java.trap.gz (125 of 642)
[2024-01-03 15:34:18] Importing Annotation.members#62.0-1687115733213-java.trap.gz (126 of 642)
[2024-01-03 15:34:18] Importing Documented.members#62.0-1687115733213-java.trap.gz (127 of 642)
[2024-01-03 15:34:18] Importing ElementType.members#62.0-1687115733213-java.trap.gz (128 of 642)
[2024-01-03 15:34:18] Importing Inherited.members#62.0-1687115733213-java.trap.gz (129 of 642)
[2024-01-03 15:34:18] Importing Retention.members#62.0-1687115733213-java.trap.gz (130 of 642)
[2024-01-03 15:34:18] Importing RetentionPolicy.members#62.0-1687115733213-java.trap.gz (131 of 642)
[2024-01-03 15:34:18] Importing Target.members#62.0-1687115733213-java.trap.gz (132 of 642)
[2024-01-03 15:34:18] Importing AsTypeMethodHandleDesc.members#62.0-1687115733213-java.trap.gz (133 of 642)
[2024-01-03 15:34:18] Importing ClassDesc.members#62.0-1687115733213-java.trap.gz (134 of 642)
[2024-01-03 15:34:18] Importing Constable.members#62.0-1687115733213-java.trap.gz (135 of 642)
[2024-01-03 15:34:18] Importing ConstantDesc.members#62.0-1687115733213-java.trap.gz (136 of 642)
[2024-01-03 15:34:18] Importing DirectMethodHandleDesc$Kind.members#62.0-1687115733213-java.trap.gz (137 of 642)
[2024-01-03 15:34:18] Importing DirectMethodHandleDesc.members#62.0-1687115733213-java.trap.gz (138 of 642)
[2024-01-03 15:34:18] Importing DirectMethodHandleDescImpl.members#62.0-1687115733213-java.trap.gz (139 of 642)
[2024-01-03 15:34:18] Importing DynamicConstantDesc.members#62.0-1687115733213-java.trap.gz (140 of 642)
[2024-01-03 15:34:18] Importing MethodHandleDesc.members#62.0-1687115733213-java.trap.gz (141 of 642)
[2024-01-03 15:34:18] Importing MethodTypeDesc.members#62.0-1687115733213-java.trap.gz (142 of 642)
[2024-01-03 15:34:18] Importing MethodTypeDescImpl.members#62.0-1687115733213-java.trap.gz (143 of 642)
[2024-01-03 15:34:18] Importing PrimitiveClassDescImpl.members#62.0-1687115733213-java.trap.gz (144 of 642)
[2024-01-03 15:34:18] Importing ReferenceClassDescImpl.members#62.0-1687115733213-java.trap.gz (145 of 642)
[2024-01-03 15:34:18] Importing BoundMethodHandle$Specializer$Factory.members#62.0-1687115733213-java.trap.gz (146 of 642)
[2024-01-03 15:34:18] Importing BoundMethodHandle$Specializer.members#62.0-1687115733213-java.trap.gz (147 of 642)
[2024-01-03 15:34:18] Importing BoundMethodHandle$SpeciesData.members#62.0-1687115733213-java.trap.gz (148 of 642)
[2024-01-03 15:34:18] Importing BoundMethodHandle.members#62.0-1687115733213-java.trap.gz (149 of 642)
[2024-01-03 15:34:18] Importing CallSite.members#62.0-1687115733213-java.trap.gz (150 of 642)
[2024-01-03 15:34:18] Importing ClassSpecializer$Factory.members#62.0-1687115733213-java.trap.gz (151 of 642)
[2024-01-03 15:34:18] Importing ClassSpecializer$SpeciesData.members#62.0-1687115733213-java.trap.gz (152 of 642)
[2024-01-03 15:34:18] Importing ClassSpecializer.members#62.0-1687115733213-java.trap.gz (153 of 642)
[2024-01-03 15:34:18] Importing DirectMethodHandle.members#62.0-1687115733213-java.trap.gz (154 of 642)
[2024-01-03 15:34:18] Importing Invokers.members#62.0-1687115733213-java.trap.gz (155 of 642)
[2024-01-03 15:34:18] Importing LambdaForm$BasicType.members#62.0-1687115733213-java.trap.gz (156 of 642)
[2024-01-03 15:34:18] Importing LambdaForm$Kind.members#62.0-1687115733213-java.trap.gz (157 of 642)
[2024-01-03 15:34:18] Importing LambdaForm$Name.members#62.0-1687115733213-java.trap.gz (158 of 642)
[2024-01-03 15:34:18] Importing LambdaForm$NamedFunction.members#62.0-1687115733213-java.trap.gz (159 of 642)
[2024-01-03 15:34:18] Importing LambdaForm.members#62.0-1687115733213-java.trap.gz (160 of 642)
[2024-01-03 15:34:18] Importing LambdaFormEditor.members#62.0-1687115733213-java.trap.gz (161 of 642)
[2024-01-03 15:34:18] Importing MemberName$Factory.members#62.0-1687115733213-java.trap.gz (162 of 642)
[2024-01-03 15:34:18] Importing MemberName.members#62.0-1687115733213-java.trap.gz (163 of 642)
[2024-01-03 15:34:18] Importing MethodHandle$PolymorphicSignature.members#62.0-1687115733213-java.trap.gz (164 of 642)
[2024-01-03 15:34:18] Importing MethodHandle.members#62.0-1687115733213-java.trap.gz (165 of 642)
[2024-01-03 15:34:18] Importing MethodHandleImpl$ArrayAccess.members#62.0-1687115733213-java.trap.gz (166 of 642)
[2024-01-03 15:34:18] Importing MethodHandleImpl$CasesHolder.members#62.0-1687115733213-java.trap.gz (167 of 642)
[2024-01-03 15:34:18] Importing MethodHandleImpl$Intrinsic.members#62.0-1687115733213-java.trap.gz (168 of 642)
[2024-01-03 15:34:18] Importing MethodHandleImpl$LoopClauses.members#62.0-1687115733213-java.trap.gz (169 of 642)
[2024-01-03 15:34:18] Importing MethodHandleImpl.members#62.0-1687115733213-java.trap.gz (170 of 642)
[2024-01-03 15:34:18] Importing MethodHandleInfo.members#62.0-1687115733213-java.trap.gz (171 of 642)
[2024-01-03 15:34:18] Importing MethodHandles$Lookup$ClassDefiner.members#62.0-1687115733213-java.trap.gz (172 of 642)
[2024-01-03 15:34:18] Importing MethodHandles$Lookup$ClassOption.members#62.0-1687115733213-java.trap.gz (173 of 642)
[2024-01-03 15:34:18] Importing MethodHandles$Lookup.members#62.0-1687115733213-java.trap.gz (174 of 642)
[2024-01-03 15:34:18] Importing MethodHandles.members#62.0-1687115733213-java.trap.gz (175 of 642)
[2024-01-03 15:34:18] Importing MethodType$ConcurrentWeakInternSet.members#62.0-1687115733213-java.trap.gz (176 of 642)
[2024-01-03 15:34:18] Importing MethodType.members#62.0-1687115733213-java.trap.gz (177 of 642)
[2024-01-03 15:34:18] Importing MethodTypeForm.members#62.0-1687115733213-java.trap.gz (178 of 642)
[2024-01-03 15:34:18] Importing TypeDescriptor$OfField.members#62.0-1687115733213-java.trap.gz (179 of 642)
[2024-01-03 15:34:18] Importing TypeDescriptor$OfMethod.members#62.0-1687115733213-java.trap.gz (180 of 642)
[2024-01-03 15:34:18] Importing TypeDescriptor.members#62.0-1687115733213-java.trap.gz (181 of 642)
[2024-01-03 15:34:18] Importing VarForm.members#62.0-1687115733213-java.trap.gz (182 of 642)
[2024-01-03 15:34:18] Importing VarHandle$AccessDescriptor.members#62.0-1687115733213-java.trap.gz (183 of 642)
[2024-01-03 15:34:18] Importing VarHandle$AccessMode.members#62.0-1687115733213-java.trap.gz (184 of 642)
[2024-01-03 15:34:18] Importing VarHandle$AccessType.members#62.0-1687115733213-java.trap.gz (185 of 642)
[2024-01-03 15:34:18] Importing VarHandle$TypesAndInvokers.members#62.0-1687115733213-java.trap.gz (186 of 642)
[2024-01-03 15:34:18] Importing VarHandle$VarHandleDesc.members#62.0-1687115733213-java.trap.gz (187 of 642)
[2024-01-03 15:34:18] Importing VarHandle.members#62.0-1687115733213-java.trap.gz (188 of 642)
[2024-01-03 15:34:18] Importing WrongMethodTypeException.members#62.0-1687115733213-java.trap.gz (189 of 642)
[2024-01-03 15:34:18] Importing Configuration.members#62.0-1687115733213-java.trap.gz (190 of 642)
[2024-01-03 15:34:18] Importing ModuleDescriptor$Builder.members#62.0-1687115733213-java.trap.gz (191 of 642)
[2024-01-03 15:34:18] Importing ModuleDescriptor$Exports$Modifier.members#62.0-1687115733213-java.trap.gz (192 of 642)
[2024-01-03 15:34:18] Importing ModuleDescriptor$Exports.members#62.0-1687115733213-java.trap.gz (193 of 642)
[2024-01-03 15:34:18] Importing ModuleDescriptor$Modifier.members#62.0-1687115733213-java.trap.gz (194 of 642)
[2024-01-03 15:34:18] Importing ModuleDescriptor$Opens$Modifier.members#62.0-1687115733213-java.trap.gz (195 of 642)
[2024-01-03 15:34:18] Importing ModuleDescriptor$Opens.members#62.0-1687115733213-java.trap.gz (196 of 642)
[2024-01-03 15:34:18] Importing ModuleDescriptor$Provides.members#62.0-1687115733213-java.trap.gz (197 of 642)
[2024-01-03 15:34:18] Importing ModuleDescriptor$Requires$Modifier.members#62.0-1687115733213-java.trap.gz (198 of 642)
[2024-01-03 15:34:18] Importing ModuleDescriptor$Requires.members#62.0-1687115733213-java.trap.gz (199 of 642)
[2024-01-03 15:34:19] Importing ModuleDescriptor$Version.members#62.0-1687115733213-java.trap.gz (200 of 642)
[2024-01-03 15:34:19] Importing ModuleDescriptor.members#62.0-1687115733213-java.trap.gz (201 of 642)
[2024-01-03 15:34:19] Importing ModuleFinder.members#62.0-1687115733213-java.trap.gz (202 of 642)
[2024-01-03 15:34:19] Importing ModuleReader.members#62.0-1687115733213-java.trap.gz (203 of 642)
[2024-01-03 15:34:19] Importing ModuleReference.members#62.0-1687115733213-java.trap.gz (204 of 642)
[2024-01-03 15:34:19] Importing ResolvedModule.members#62.0-1687115733213-java.trap.gz (205 of 642)
[2024-01-03 15:34:19] Importing Cleaner$Cleanable.members#62.0-1687115733213-java.trap.gz (206 of 642)
[2024-01-03 15:34:19] Importing Cleaner.members#62.0-1687115733213-java.trap.gz (207 of 642)
[2024-01-03 15:34:19] Importing PhantomReference.members#62.0-1687115733213-java.trap.gz (208 of 642)
[2024-01-03 15:34:19] Importing Reference.members#62.0-1687115733213-java.trap.gz (209 of 642)
[2024-01-03 15:34:19] Importing ReferenceQueue.members#62.0-1687115733213-java.trap.gz (210 of 642)
[2024-01-03 15:34:19] Importing SoftReference.members#62.0-1687115733213-java.trap.gz (211 of 642)
[2024-01-03 15:34:19] Importing WeakReference.members#62.0-1687115733213-java.trap.gz (212 of 642)
[2024-01-03 15:34:19] Importing AccessibleObject.members#62.0-1687115733213-java.trap.gz (213 of 642)
[2024-01-03 15:34:19] Importing AnnotatedElement.members#62.0-1687115733213-java.trap.gz (214 of 642)
[2024-01-03 15:34:19] Importing AnnotatedType.members#62.0-1687115733213-java.trap.gz (215 of 642)
[2024-01-03 15:34:19] Importing Constructor.members#62.0-1687115733213-java.trap.gz (216 of 642)
[2024-01-03 15:34:19] Importing Executable.members#62.0-1687115733213-java.trap.gz (217 of 642)
[2024-01-03 15:34:19] Importing Field.members#62.0-1687115733213-java.trap.gz (218 of 642)
[2024-01-03 15:34:19] Importing GenericDeclaration.members#62.0-1687115733213-java.trap.gz (219 of 642)
[2024-01-03 15:34:19] Importing InvocationTargetException.members#62.0-1687115733213-java.trap.gz (220 of 642)
[2024-01-03 15:34:19] Importing Member.members#62.0-1687115733213-java.trap.gz (221 of 642)
[2024-01-03 15:34:19] Importing Method.members#62.0-1687115733213-java.trap.gz (222 of 642)
[2024-01-03 15:34:19] Importing Parameter.members#62.0-1687115733213-java.trap.gz (223 of 642)
[2024-01-03 15:34:19] Importing ParameterizedType.members#62.0-1687115733213-java.trap.gz (224 of 642)
[2024-01-03 15:34:19] Importing RecordComponent.members#62.0-1687115733213-java.trap.gz (225 of 642)
[2024-01-03 15:34:19] Importing Type.members#62.0-1687115733213-java.trap.gz (226 of 642)
[2024-01-03 15:34:19] Importing TypeVariable.members#62.0-1687115733213-java.trap.gz (227 of 642)
[2024-01-03 15:34:19] Importing WildcardType.members#62.0-1687115733213-java.trap.gz (228 of 642)
[2024-01-03 15:34:19] Importing BigInteger.members#62.0-1687115733213-java.trap.gz (229 of 642)
[2024-01-03 15:34:19] Importing ContentHandler.members#62.0-1687115733213-java.trap.gz (230 of 642)
[2024-01-03 15:34:19] Importing ContentHandlerFactory.members#62.0-1687115733213-java.trap.gz (231 of 642)
[2024-01-03 15:34:19] Importing FileNameMap.members#62.0-1687115733213-java.trap.gz (232 of 642)
[2024-01-03 15:34:19] Importing Inet4AddressImpl.members#62.0-1687115733213-java.trap.gz (233 of 642)
[2024-01-03 15:34:19] Importing Inet6AddressImpl.members#62.0-1687115733213-java.trap.gz (234 of 642)
[2024-01-03 15:34:19] Importing InetAddress$InetAddressHolder.members#62.0-1687115733213-java.trap.gz (235 of 642)
[2024-01-03 15:34:19] Importing InetAddress.members#62.0-1687115733213-java.trap.gz (236 of 642)
[2024-01-03 15:34:19] Importing InetAddressImpl.members#62.0-1687115733213-java.trap.gz (237 of 642)
[2024-01-03 15:34:19] Importing InterfaceAddress.members#62.0-1687115733213-java.trap.gz (238 of 642)
[2024-01-03 15:34:19] Importing MalformedURLException.members#62.0-1687115733213-java.trap.gz (239 of 642)
[2024-01-03 15:34:19] Importing NetworkInterface.members#62.0-1687115733213-java.trap.gz (240 of 642)
[2024-01-03 15:34:19] Importing Proxy$Type.members#62.0-1687115733213-java.trap.gz (241 of 642)
[2024-01-03 15:34:19] Importing Proxy.members#62.0-1687115733213-java.trap.gz (242 of 642)
[2024-01-03 15:34:19] Importing SocketAddress.members#62.0-1687115733213-java.trap.gz (243 of 642)
[2024-01-03 15:34:19] Importing SocketException.members#62.0-1687115733213-java.trap.gz (244 of 642)
[2024-01-03 15:34:19] Importing URI.members#62.0-1687115733213-java.trap.gz (245 of 642)
[2024-01-03 15:34:19] Importing URISyntaxException.members#62.0-1687115733213-java.trap.gz (246 of 642)
[2024-01-03 15:34:19] Importing URL.members#62.0-1687115733213-java.trap.gz (247 of 642)
[2024-01-03 15:34:19] Importing URLConnection.members#62.0-1687115733213-java.trap.gz (248 of 642)
[2024-01-03 15:34:19] Importing URLStreamHandler.members#62.0-1687115733213-java.trap.gz (249 of 642)
[2024-01-03 15:34:19] Importing URLStreamHandlerFactory.members#62.0-1687115733213-java.trap.gz (250 of 642)
[2024-01-03 15:34:19] Importing UnknownHostException.members#62.0-1687115733213-java.trap.gz (251 of 642)
[2024-01-03 15:34:19] Importing InetAddressResolver$LookupPolicy.members#62.0-1687115733213-java.trap.gz (252 of 642)
[2024-01-03 15:34:19] Importing InetAddressResolver.members#62.0-1687115733213-java.trap.gz (253 of 642)
[2024-01-03 15:34:19] Importing Buffer.members#62.0-1687115733213-java.trap.gz (254 of 642)
[2024-01-03 15:34:19] Importing ByteBuffer.members#62.0-1687115733213-java.trap.gz (255 of 642)
[2024-01-03 15:34:19] Importing ByteOrder.members#62.0-1687115733213-java.trap.gz (256 of 642)
[2024-01-03 15:34:19] Importing CharBuffer.members#62.0-1687115733213-java.trap.gz (257 of 642)
[2024-01-03 15:34:19] Importing DoubleBuffer.members#62.0-1687115733213-java.trap.gz (258 of 642)
[2024-01-03 15:34:19] Importing FloatBuffer.members#62.0-1687115733213-java.trap.gz (259 of 642)
[2024-01-03 15:34:19] Importing IntBuffer.members#62.0-1687115733213-java.trap.gz (260 of 642)
[2024-01-03 15:34:19] Importing LongBuffer.members#62.0-1687115733213-java.trap.gz (261 of 642)
[2024-01-03 15:34:19] Importing MappedByteBuffer.members#62.0-1687115733213-java.trap.gz (262 of 642)
[2024-01-03 15:34:19] Importing ShortBuffer.members#62.0-1687115733213-java.trap.gz (263 of 642)
[2024-01-03 15:34:19] Importing AsynchronousChannel.members#62.0-1687115733213-java.trap.gz (264 of 642)
[2024-01-03 15:34:19] Importing AsynchronousCloseException.members#62.0-1687115733213-java.trap.gz (265 of 642)
[2024-01-03 15:34:19] Importing AsynchronousFileChannel.members#62.0-1687115733213-java.trap.gz (266 of 642)
[2024-01-03 15:34:19] Importing ByteChannel.members#62.0-1687115733213-java.trap.gz (267 of 642)
[2024-01-03 15:34:19] Importing Channel.members#62.0-1687115733213-java.trap.gz (268 of 642)
[2024-01-03 15:34:19] Importing ClosedChannelException.members#62.0-1687115733213-java.trap.gz (269 of 642)
[2024-01-03 15:34:19] Importing CompletionHandler.members#62.0-1687115733213-java.trap.gz (270 of 642)
[2024-01-03 15:34:19] Importing FileChannel$MapMode.members#62.0-1687115733213-java.trap.gz (271 of 642)
[2024-01-03 15:34:19] Importing FileChannel.members#62.0-1687115733213-java.trap.gz (272 of 642)
[2024-01-03 15:34:19] Importing FileLock.members#62.0-1687115733213-java.trap.gz (273 of 642)
[2024-01-03 15:34:19] Importing GatheringByteChannel.members#62.0-1687115733213-java.trap.gz (274 of 642)
[2024-01-03 15:34:19] Importing InterruptibleChannel.members#62.0-1687115733213-java.trap.gz (275 of 642)
[2024-01-03 15:34:19] Importing ReadableByteChannel.members#62.0-1687115733213-java.trap.gz (276 of 642)
[2024-01-03 15:34:19] Importing ScatteringByteChannel.members#62.0-1687115733213-java.trap.gz (277 of 642)
[2024-01-03 15:34:19] Importing SeekableByteChannel.members#62.0-1687115733213-java.trap.gz (278 of 642)
[2024-01-03 15:34:19] Importing WritableByteChannel.members#62.0-1687115733213-java.trap.gz (279 of 642)
[2024-01-03 15:34:19] Importing AbstractInterruptibleChannel.members#62.0-1687115733213-java.trap.gz (280 of 642)
[2024-01-03 15:34:19] Importing CharacterCodingException.members#62.0-1687115733213-java.trap.gz (281 of 642)
[2024-01-03 15:34:19] Importing Charset.members#62.0-1687115733213-java.trap.gz (282 of 642)
[2024-01-03 15:34:20] Importing CharsetDecoder.members#62.0-1687115733213-java.trap.gz (283 of 642)
[2024-01-03 15:34:20] Importing CharsetEncoder.members#62.0-1687115733213-java.trap.gz (284 of 642)
[2024-01-03 15:34:20] Importing CoderResult.members#62.0-1687115733213-java.trap.gz (285 of 642)
[2024-01-03 15:34:20] Importing CodingErrorAction.members#62.0-1687115733213-java.trap.gz (286 of 642)
[2024-01-03 15:34:20] Importing AccessMode.members#62.0-1687115733213-java.trap.gz (287 of 642)
[2024-01-03 15:34:20] Importing CopyOption.members#62.0-1687115733213-java.trap.gz (288 of 642)
[2024-01-03 15:34:20] Importing DirectoryStream$Filter.members#62.0-1687115733213-java.trap.gz (289 of 642)
[2024-01-03 15:34:20] Importing DirectoryStream.members#62.0-1687115733213-java.trap.gz (290 of 642)
[2024-01-03 15:34:20] Importing FileStore.members#62.0-1687115733213-java.trap.gz (291 of 642)
[2024-01-03 15:34:20] Importing FileSystem.members#62.0-1687115733213-java.trap.gz (292 of 642)
[2024-01-03 15:34:20] Importing LinkOption.members#62.0-1687115733213-java.trap.gz (293 of 642)
[2024-01-03 15:34:20] Importing OpenOption.members#62.0-1687115733213-java.trap.gz (294 of 642)
[2024-01-03 15:34:20] Importing Path.members#62.0-1687115733213-java.trap.gz (295 of 642)
[2024-01-03 15:34:20] Importing PathMatcher.members#62.0-1687115733213-java.trap.gz (296 of 642)
[2024-01-03 15:34:20] Importing WatchEvent$Kind.members#62.0-1687115733213-java.trap.gz (297 of 642)
[2024-01-03 15:34:20] Importing WatchEvent$Modifier.members#62.0-1687115733213-java.trap.gz (298 of 642)
[2024-01-03 15:34:20] Importing WatchEvent.members#62.0-1687115733213-java.trap.gz (299 of 642)
[2024-01-03 15:34:20] Importing WatchKey.members#62.0-1687115733213-java.trap.gz (300 of 642)
[2024-01-03 15:34:20] Importing WatchService.members#62.0-1687115733213-java.trap.gz (301 of 642)
[2024-01-03 15:34:20] Importing Watchable.members#62.0-1687115733213-java.trap.gz (302 of 642)
[2024-01-03 15:34:20] Importing AttributeView.members#62.0-1687115733213-java.trap.gz (303 of 642)
[2024-01-03 15:34:20] Importing BasicFileAttributes.members#62.0-1687115733213-java.trap.gz (304 of 642)
[2024-01-03 15:34:20] Importing FileAttribute.members#62.0-1687115733213-java.trap.gz (305 of 642)
[2024-01-03 15:34:20] Importing FileAttributeView.members#62.0-1687115733213-java.trap.gz (306 of 642)
[2024-01-03 15:34:20] Importing FileStoreAttributeView.members#62.0-1687115733213-java.trap.gz (307 of 642)
[2024-01-03 15:34:20] Importing FileTime.members#62.0-1687115733213-java.trap.gz (308 of 642)
[2024-01-03 15:34:20] Importing GroupPrincipal.members#62.0-1687115733213-java.trap.gz (309 of 642)
[2024-01-03 15:34:20] Importing UserPrincipal.members#62.0-1687115733213-java.trap.gz (310 of 642)
[2024-01-03 15:34:20] Importing UserPrincipalLookupService.members#62.0-1687115733213-java.trap.gz (311 of 642)
[2024-01-03 15:34:20] Importing FileSystemProvider.members#62.0-1687115733213-java.trap.gz (312 of 642)
[2024-01-03 15:34:20] Importing AccessControlContext.members#62.0-1687115733213-java.trap.gz (313 of 642)
[2024-01-03 15:34:20] Importing AccessControlException.members#62.0-1687115733213-java.trap.gz (314 of 642)
[2024-01-03 15:34:20] Importing BasicPermission.members#62.0-1687115733213-java.trap.gz (315 of 642)
[2024-01-03 15:34:20] Importing CodeSigner.members#62.0-1687115733213-java.trap.gz (316 of 642)
[2024-01-03 15:34:20] Importing CodeSource.members#62.0-1687115733213-java.trap.gz (317 of 642)
[2024-01-03 15:34:20] Importing DomainCombiner.members#62.0-1687115733213-java.trap.gz (318 of 642)
[2024-01-03 15:34:20] Importing GeneralSecurityException.members#62.0-1687115733213-java.trap.gz (319 of 642)
[2024-01-03 15:34:20] Importing Guard.members#62.0-1687115733213-java.trap.gz (320 of 642)
[2024-01-03 15:34:20] Importing InvalidKeyException.members#62.0-1687115733213-java.trap.gz (321 of 642)
[2024-01-03 15:34:20] Importing Key.members#62.0-1687115733213-java.trap.gz (322 of 642)
[2024-01-03 15:34:20] Importing KeyException.members#62.0-1687115733213-java.trap.gz (323 of 642)
[2024-01-03 15:34:20] Importing NoSuchAlgorithmException.members#62.0-1687115733213-java.trap.gz (324 of 642)
[2024-01-03 15:34:20] Importing NoSuchProviderException.members#62.0-1687115733213-java.trap.gz (325 of 642)
[2024-01-03 15:34:20] Importing Permission.members#62.0-1687115733213-java.trap.gz (326 of 642)
[2024-01-03 15:34:20] Importing PermissionCollection.members#62.0-1687115733213-java.trap.gz (327 of 642)
[2024-01-03 15:34:20] Importing Principal.members#62.0-1687115733213-java.trap.gz (328 of 642)
[2024-01-03 15:34:20] Importing PrivilegedAction.members#62.0-1687115733213-java.trap.gz (329 of 642)
[2024-01-03 15:34:20] Importing PrivilegedActionException.members#62.0-1687115733213-java.trap.gz (330 of 642)
[2024-01-03 15:34:20] Importing PrivilegedExceptionAction.members#62.0-1687115733213-java.trap.gz (331 of 642)
[2024-01-03 15:34:20] Importing ProtectionDomain$Key.members#62.0-1687115733213-java.trap.gz (332 of 642)
[2024-01-03 15:34:20] Importing ProtectionDomain.members#62.0-1687115733213-java.trap.gz (333 of 642)
[2024-01-03 15:34:20] Importing Provider$Service.members#62.0-1687115733213-java.trap.gz (334 of 642)
[2024-01-03 15:34:20] Importing Provider.members#62.0-1687115733213-java.trap.gz (335 of 642)
[2024-01-03 15:34:20] Importing PublicKey.members#62.0-1687115733213-java.trap.gz (336 of 642)
[2024-01-03 15:34:20] Importing SignatureException.members#62.0-1687115733213-java.trap.gz (337 of 642)
[2024-01-03 15:34:20] Importing Timestamp.members#62.0-1687115733213-java.trap.gz (338 of 642)
[2024-01-03 15:34:20] Importing CertPath.members#62.0-1687115733213-java.trap.gz (339 of 642)
[2024-01-03 15:34:20] Importing Certificate.members#62.0-1687115733213-java.trap.gz (340 of 642)
[2024-01-03 15:34:20] Importing CertificateEncodingException.members#62.0-1687115733213-java.trap.gz (341 of 642)
[2024-01-03 15:34:20] Importing CertificateException.members#62.0-1687115733213-java.trap.gz (342 of 642)
[2024-01-03 15:34:20] Importing AttributedCharacterIterator$Attribute.members#62.0-1687115733213-java.trap.gz (343 of 642)
[2024-01-03 15:34:20] Importing AttributedCharacterIterator.members#62.0-1687115733213-java.trap.gz (344 of 642)
[2024-01-03 15:34:20] Importing CharacterIterator.members#62.0-1687115733213-java.trap.gz (345 of 642)
[2024-01-03 15:34:20] Importing FieldPosition.members#62.0-1687115733213-java.trap.gz (346 of 642)
[2024-01-03 15:34:20] Importing Format$Field.members#62.0-1687115733213-java.trap.gz (347 of 642)
[2024-01-03 15:34:20] Importing Format$FieldDelegate.members#62.0-1687115733213-java.trap.gz (348 of 642)
[2024-01-03 15:34:20] Importing Format.members#62.0-1687115733213-java.trap.gz (349 of 642)
[2024-01-03 15:34:20] Importing ParseException.members#62.0-1687115733213-java.trap.gz (350 of 642)
[2024-01-03 15:34:20] Importing ParsePosition.members#62.0-1687115733213-java.trap.gz (351 of 642)
[2024-01-03 15:34:20] Importing Clock.members#62.0-1687115733213-java.trap.gz (352 of 642)
[2024-01-03 15:34:20] Importing DayOfWeek.members#62.0-1687115733213-java.trap.gz (353 of 642)
[2024-01-03 15:34:20] Importing Duration.members#62.0-1687115733213-java.trap.gz (354 of 642)
[2024-01-03 15:34:20] Importing Instant.members#62.0-1687115733213-java.trap.gz (355 of 642)
[2024-01-03 15:34:20] Importing InstantSource.members#62.0-1687115733213-java.trap.gz (356 of 642)
[2024-01-03 15:34:20] Importing LocalDate.members#62.0-1687115733213-java.trap.gz (357 of 642)
[2024-01-03 15:34:20] Importing LocalDateTime.members#62.0-1687115733213-java.trap.gz (358 of 642)
[2024-01-03 15:34:20] Importing LocalTime.members#62.0-1687115733213-java.trap.gz (359 of 642)
[2024-01-03 15:34:20] Importing Month.members#62.0-1687115733213-java.trap.gz (360 of 642)
[2024-01-03 15:34:20] Importing OffsetDateTime.members#62.0-1687115733213-java.trap.gz (361 of 642)
[2024-01-03 15:34:20] Importing OffsetTime.members#62.0-1687115733213-java.trap.gz (362 of 642)
[2024-01-03 15:34:20] Importing Period.members#62.0-1687115733213-java.trap.gz (363 of 642)
[2024-01-03 15:34:20] Importing ZoneId.members#62.0-1687115733213-java.trap.gz (364 of 642)
[2024-01-03 15:34:20] Importing ZoneOffset.members#62.0-1687115733213-java.trap.gz (365 of 642)
[2024-01-03 15:34:20] Importing ZonedDateTime.members#62.0-1687115733213-java.trap.gz (366 of 642)
[2024-01-03 15:34:20] Importing AbstractChronology.members#62.0-1687115733213-java.trap.gz (367 of 642)
[2024-01-03 15:34:20] Importing ChronoLocalDate.members#62.0-1687115733213-java.trap.gz (368 of 642)
[2024-01-03 15:34:20] Importing ChronoLocalDateTime.members#62.0-1687115733213-java.trap.gz (369 of 642)
[2024-01-03 15:34:20] Importing ChronoPeriod.members#62.0-1687115733213-java.trap.gz (370 of 642)
[2024-01-03 15:34:20] Importing ChronoZonedDateTime.members#62.0-1687115733213-java.trap.gz (371 of 642)
[2024-01-03 15:34:20] Importing Chronology.members#62.0-1687115733213-java.trap.gz (372 of 642)
[2024-01-03 15:34:20] Importing Era.members#62.0-1687115733213-java.trap.gz (373 of 642)
[2024-01-03 15:34:20] Importing IsoChronology.members#62.0-1687115733213-java.trap.gz (374 of 642)
[2024-01-03 15:34:20] Importing IsoEra.members#62.0-1687115733213-java.trap.gz (375 of 642)
[2024-01-03 15:34:20] Importing DateTimeFormatter.members#62.0-1687115733213-java.trap.gz (376 of 642)
[2024-01-03 15:34:20] Importing DateTimeFormatterBuilder$CompositePrinterParser.members#62.0-1687115733213-java.trap.gz (377 of 642)
[2024-01-03 15:34:21] Importing DateTimeFormatterBuilder$DateTimePrinterParser.members#62.0-1687115733213-java.trap.gz (378 of 642)
[2024-01-03 15:34:21] Importing DateTimeFormatterBuilder$DayPeriod.members#62.0-1687115733213-java.trap.gz (379 of 642)
[2024-01-03 15:34:21] Importing DateTimeFormatterBuilder.members#62.0-1687115733213-java.trap.gz (380 of 642)
[2024-01-03 15:34:21] Importing DateTimeParseContext.members#62.0-1687115733213-java.trap.gz (381 of 642)
[2024-01-03 15:34:21] Importing DateTimePrintContext.members#62.0-1687115733213-java.trap.gz (382 of 642)
[2024-01-03 15:34:21] Importing DecimalStyle.members#62.0-1687115733213-java.trap.gz (383 of 642)
[2024-01-03 15:34:21] Importing FormatStyle.members#62.0-1687115733213-java.trap.gz (384 of 642)
[2024-01-03 15:34:21] Importing Parsed.members#62.0-1687115733213-java.trap.gz (385 of 642)
[2024-01-03 15:34:21] Importing ResolverStyle.members#62.0-1687115733213-java.trap.gz (386 of 642)
[2024-01-03 15:34:21] Importing SignStyle.members#62.0-1687115733213-java.trap.gz (387 of 642)
[2024-01-03 15:34:21] Importing TextStyle.members#62.0-1687115733213-java.trap.gz (388 of 642)
[2024-01-03 15:34:21] Importing ChronoField.members#62.0-1687115733213-java.trap.gz (389 of 642)
[2024-01-03 15:34:21] Importing ChronoUnit.members#62.0-1687115733213-java.trap.gz (390 of 642)
[2024-01-03 15:34:21] Importing Temporal.members#62.0-1687115733213-java.trap.gz (391 of 642)
[2024-01-03 15:34:21] Importing TemporalAccessor.members#62.0-1687115733213-java.trap.gz (392 of 642)
[2024-01-03 15:34:21] Importing TemporalAdjuster.members#62.0-1687115733213-java.trap.gz (393 of 642)
[2024-01-03 15:34:21] Importing TemporalAmount.members#62.0-1687115733213-java.trap.gz (394 of 642)
[2024-01-03 15:34:21] Importing TemporalField.members#62.0-1687115733213-java.trap.gz (395 of 642)
[2024-01-03 15:34:21] Importing TemporalQuery.members#62.0-1687115733213-java.trap.gz (396 of 642)
[2024-01-03 15:34:21] Importing TemporalUnit.members#62.0-1687115733213-java.trap.gz (397 of 642)
[2024-01-03 15:34:21] Importing ValueRange.members#62.0-1687115733213-java.trap.gz (398 of 642)
[2024-01-03 15:34:21] Importing ZoneOffsetTransition.members#62.0-1687115733213-java.trap.gz (399 of 642)
[2024-01-03 15:34:21] Importing ZoneOffsetTransitionRule$TimeDefinition.members#62.0-1687115733213-java.trap.gz (400 of 642)
[2024-01-03 15:34:21] Importing ZoneOffsetTransitionRule.members#62.0-1687115733213-java.trap.gz (401 of 642)
[2024-01-03 15:34:21] Importing ZoneRules.members#62.0-1687115733213-java.trap.gz (402 of 642)
[2024-01-03 15:34:21] Importing AbstractCollection.members#62.0-1687115733213-java.trap.gz (403 of 642)
[2024-01-03 15:34:21] Importing AbstractMap.members#62.0-1687115733213-java.trap.gz (404 of 642)
[2024-01-03 15:34:21] Importing AbstractSet.members#62.0-1687115733213-java.trap.gz (405 of 642)
[2024-01-03 15:34:21] Importing Collection.members#62.0-1687115733213-java.trap.gz (406 of 642)
[2024-01-03 15:34:21] Importing Comparator.members#62.0-1687115733213-java.trap.gz (407 of 642)
[2024-01-03 15:34:21] Importing Date.members#62.0-1687115733213-java.trap.gz (408 of 642)
[2024-01-03 15:34:21] Importing Dictionary.members#62.0-1687115733213-java.trap.gz (409 of 642)
[2024-01-03 15:34:21] Importing DoubleSummaryStatistics.members#62.0-1687115733213-java.trap.gz (410 of 642)
[2024-01-03 15:34:21] Importing EnumSet.members#62.0-1687115733213-java.trap.gz (411 of 642)
[2024-01-03 15:34:21] Importing Enumeration.members#62.0-1687115733213-java.trap.gz (412 of 642)
[2024-01-03 15:34:21] Importing Hashtable.members#62.0-1687115733213-java.trap.gz (413 of 642)
[2024-01-03 15:34:21] Importing IntSummaryStatistics.members#62.0-1687115733213-java.trap.gz (414 of 642)
[2024-01-03 15:34:21] Importing InvalidPropertiesFormatException.members#62.0-1687115733213-java.trap.gz (415 of 642)
[2024-01-03 15:34:21] Importing Iterator.members#62.0-1687115733213-java.trap.gz (416 of 642)
[2024-01-03 15:34:21] Importing List.members#62.0-1687115733213-java.trap.gz (417 of 642)
[2024-01-03 15:34:21] Importing ListIterator.members#62.0-1687115733213-java.trap.gz (418 of 642)
[2024-01-03 15:34:21] Importing Locale$Category.members#62.0-1687115733213-java.trap.gz (419 of 642)
[2024-01-03 15:34:21] Importing Locale$FilteringMode.members#62.0-1687115733213-java.trap.gz (420 of 642)
[2024-01-03 15:34:21] Importing Locale$IsoCountryCode.members#62.0-1687115733213-java.trap.gz (421 of 642)
[2024-01-03 15:34:21] Importing Locale$LanguageRange.members#62.0-1687115733213-java.trap.gz (422 of 642)
[2024-01-03 15:34:21] Importing Locale.members#62.0-1687115733213-java.trap.gz (423 of 642)
[2024-01-03 15:34:21] Importing LongSummaryStatistics.members#62.0-1687115733213-java.trap.gz (424 of 642)
[2024-01-03 15:34:21] Importing Map$Entry.members#62.0-1687115733213-java.trap.gz (425 of 642)
[2024-01-03 15:34:21] Importing Map.members#62.0-1687115733213-java.trap.gz (426 of 642)
[2024-01-03 15:34:21] Importing MissingResourceException.members#62.0-1687115733213-java.trap.gz (427 of 642)
[2024-01-03 15:34:21] Importing Optional.members#62.0-1687115733213-java.trap.gz (428 of 642)
[2024-01-03 15:34:21] Importing OptionalDouble.members#62.0-1687115733213-java.trap.gz (429 of 642)
[2024-01-03 15:34:21] Importing OptionalInt.members#62.0-1687115733213-java.trap.gz (430 of 642)
[2024-01-03 15:34:21] Importing OptionalLong.members#62.0-1687115733213-java.trap.gz (431 of 642)
[2024-01-03 15:34:21] Importing PrimitiveIterator$OfDouble.members#62.0-1687115733213-java.trap.gz (432 of 642)
[2024-01-03 15:34:21] Importing PrimitiveIterator$OfInt.members#62.0-1687115733213-java.trap.gz (433 of 642)
[2024-01-03 15:34:21] Importing PrimitiveIterator$OfLong.members#62.0-1687115733213-java.trap.gz (434 of 642)
[2024-01-03 15:34:21] Importing PrimitiveIterator.members#62.0-1687115733213-java.trap.gz (435 of 642)
[2024-01-03 15:34:21] Importing Properties.members#62.0-1687115733213-java.trap.gz (436 of 642)
[2024-01-03 15:34:21] Importing Random.members#62.0-1687115733213-java.trap.gz (437 of 642)
[2024-01-03 15:34:21] Importing ResourceBundle$Control.members#62.0-1687115733213-java.trap.gz (438 of 642)
[2024-01-03 15:34:21] Importing ResourceBundle.members#62.0-1687115733213-java.trap.gz (439 of 642)
[2024-01-03 15:34:21] Importing Set.members#62.0-1687115733213-java.trap.gz (440 of 642)
[2024-01-03 15:34:21] Importing SortedMap.members#62.0-1687115733213-java.trap.gz (441 of 642)
[2024-01-03 15:34:21] Importing Spliterator$OfDouble.members#62.0-1687115733213-java.trap.gz (442 of 642)
[2024-01-03 15:34:21] Importing Spliterator$OfInt.members#62.0-1687115733213-java.trap.gz (443 of 642)
[2024-01-03 15:34:21] Importing Spliterator$OfLong.members#62.0-1687115733213-java.trap.gz (444 of 642)
[2024-01-03 15:34:21] Importing Spliterator$OfPrimitive.members#62.0-1687115733213-java.trap.gz (445 of 642)
[2024-01-03 15:34:21] Importing Spliterator.members#62.0-1687115733213-java.trap.gz (446 of 642)
[2024-01-03 15:34:21] Importing WeakHashMap$Entry.members#62.0-1687115733213-java.trap.gz (447 of 642)
[2024-01-03 15:34:21] Importing WeakHashMap.members#62.0-1687115733213-java.trap.gz (448 of 642)
[2024-01-03 15:34:21] Importing Callable.members#62.0-1687115733213-java.trap.gz (449 of 642)
[2024-01-03 15:34:21] Importing CompletionException.members#62.0-1687115733213-java.trap.gz (450 of 642)
[2024-01-03 15:34:21] Importing ConcurrentHashMap$CollectionView.members#62.0-1687115733213-java.trap.gz (451 of 642)
[2024-01-03 15:34:21] Importing ConcurrentHashMap$KeySetView.members#62.0-1687115733213-java.trap.gz (452 of 642)
[2024-01-03 15:34:21] Importing ConcurrentHashMap$Node.members#62.0-1687115733213-java.trap.gz (453 of 642)
[2024-01-03 15:34:21] Importing ConcurrentHashMap.members#62.0-1687115733213-java.trap.gz (454 of 642)
[2024-01-03 15:34:22] Importing ConcurrentMap.members#62.0-1687115733213-java.trap.gz (455 of 642)
[2024-01-03 15:34:22] Importing ExecutionException.members#62.0-1687115733213-java.trap.gz (456 of 642)
[2024-01-03 15:34:22] Importing Executor.members#62.0-1687115733213-java.trap.gz (457 of 642)
[2024-01-03 15:34:22] Importing ExecutorService.members#62.0-1687115733213-java.trap.gz (458 of 642)
[2024-01-03 15:34:22] Importing Future.members#62.0-1687115733213-java.trap.gz (459 of 642)
[2024-01-03 15:34:22] Importing ThreadFactory.members#62.0-1687115733213-java.trap.gz (460 of 642)
[2024-01-03 15:34:22] Importing TimeUnit.members#62.0-1687115733213-java.trap.gz (461 of 642)
[2024-01-03 15:34:22] Importing TimeoutException.members#62.0-1687115733213-java.trap.gz (462 of 642)
[2024-01-03 15:34:22] Importing BiConsumer.members#62.0-1687115733213-java.trap.gz (463 of 642)
[2024-01-03 15:34:22] Importing BiFunction.members#62.0-1687115733213-java.trap.gz (464 of 642)
[2024-01-03 15:34:22] Importing BinaryOperator.members#62.0-1687115733213-java.trap.gz (465 of 642)
[2024-01-03 15:34:22] Importing BooleanSupplier.members#62.0-1687115733213-java.trap.gz (466 of 642)
[2024-01-03 15:34:22] Importing Consumer.members#62.0-1687115733213-java.trap.gz (467 of 642)
[2024-01-03 15:34:22] Importing DoubleBinaryOperator.members#62.0-1687115733213-java.trap.gz (468 of 642)
[2024-01-03 15:34:22] Importing DoubleConsumer.members#62.0-1687115733213-java.trap.gz (469 of 642)
[2024-01-03 15:34:22] Importing DoubleFunction.members#62.0-1687115733213-java.trap.gz (470 of 642)
[2024-01-03 15:34:22] Importing DoublePredicate.members#62.0-1687115733213-java.trap.gz (471 of 642)
[2024-01-03 15:34:22] Importing DoubleSupplier.members#62.0-1687115733213-java.trap.gz (472 of 642)
[2024-01-03 15:34:22] Importing DoubleToIntFunction.members#62.0-1687115733213-java.trap.gz (473 of 642)
[2024-01-03 15:34:22] Importing DoubleToLongFunction.members#62.0-1687115733213-java.trap.gz (474 of 642)
[2024-01-03 15:34:22] Importing DoubleUnaryOperator.members#62.0-1687115733213-java.trap.gz (475 of 642)
[2024-01-03 15:34:22] Importing Function.members#62.0-1687115733213-java.trap.gz (476 of 642)
[2024-01-03 15:34:22] Importing IntBinaryOperator.members#62.0-1687115733213-java.trap.gz (477 of 642)
[2024-01-03 15:34:22] Importing IntConsumer.members#62.0-1687115733213-java.trap.gz (478 of 642)
[2024-01-03 15:34:22] Importing IntFunction.members#62.0-1687115733213-java.trap.gz (479 of 642)
[2024-01-03 15:34:22] Importing IntPredicate.members#62.0-1687115733213-java.trap.gz (480 of 642)
[2024-01-03 15:34:22] Importing IntSupplier.members#62.0-1687115733213-java.trap.gz (481 of 642)
[2024-01-03 15:34:22] Importing IntToDoubleFunction.members#62.0-1687115733213-java.trap.gz (482 of 642)
[2024-01-03 15:34:22] Importing IntToLongFunction.members#62.0-1687115733213-java.trap.gz (483 of 642)
[2024-01-03 15:34:22] Importing IntUnaryOperator.members#62.0-1687115733213-java.trap.gz (484 of 642)
[2024-01-03 15:34:22] Importing LongBinaryOperator.members#62.0-1687115733213-java.trap.gz (485 of 642)
[2024-01-03 15:34:22] Importing LongConsumer.members#62.0-1687115733213-java.trap.gz (486 of 642)
[2024-01-03 15:34:22] Importing LongFunction.members#62.0-1687115733213-java.trap.gz (487 of 642)
[2024-01-03 15:34:22] Importing LongPredicate.members#62.0-1687115733213-java.trap.gz (488 of 642)
[2024-01-03 15:34:22] Importing LongSupplier.members#62.0-1687115733213-java.trap.gz (489 of 642)
[2024-01-03 15:34:22] Importing LongToDoubleFunction.members#62.0-1687115733213-java.trap.gz (490 of 642)
[2024-01-03 15:34:22] Importing LongToIntFunction.members#62.0-1687115733213-java.trap.gz (491 of 642)
[2024-01-03 15:34:22] Importing LongUnaryOperator.members#62.0-1687115733213-java.trap.gz (492 of 642)
[2024-01-03 15:34:22] Importing ObjDoubleConsumer.members#62.0-1687115733213-java.trap.gz (493 of 642)
[2024-01-03 15:34:22] Importing ObjIntConsumer.members#62.0-1687115733213-java.trap.gz (494 of 642)
[2024-01-03 15:34:22] Importing ObjLongConsumer.members#62.0-1687115733213-java.trap.gz (495 of 642)
[2024-01-03 15:34:22] Importing Predicate.members#62.0-1687115733213-java.trap.gz (496 of 642)
[2024-01-03 15:34:22] Importing Supplier.members#62.0-1687115733213-java.trap.gz (497 of 642)
[2024-01-03 15:34:22] Importing ToDoubleBiFunction.members#62.0-1687115733213-java.trap.gz (498 of 642)
[2024-01-03 15:34:22] Importing ToDoubleFunction.members#62.0-1687115733213-java.trap.gz (499 of 642)
[2024-01-03 15:34:22] Importing ToIntBiFunction.members#62.0-1687115733213-java.trap.gz (500 of 642)
[2024-01-03 15:34:22] Importing ToIntFunction.members#62.0-1687115733213-java.trap.gz (501 of 642)
[2024-01-03 15:34:22] Importing ToLongBiFunction.members#62.0-1687115733213-java.trap.gz (502 of 642)
[2024-01-03 15:34:22] Importing ToLongFunction.members#62.0-1687115733213-java.trap.gz (503 of 642)
[2024-01-03 15:34:22] Importing UnaryOperator.members#62.0-1687115733213-java.trap.gz (504 of 642)
[2024-01-03 15:34:22] Importing RandomGenerator.members#62.0-1687115733213-java.trap.gz (505 of 642)
[2024-01-03 15:34:22] Importing BaseStream.members#62.0-1687115733213-java.trap.gz (506 of 642)
[2024-01-03 15:34:22] Importing Collector$Characteristics.members#62.0-1687115733213-java.trap.gz (507 of 642)
[2024-01-03 15:34:22] Importing Collector.members#62.0-1687115733213-java.trap.gz (508 of 642)
[2024-01-03 15:34:22] Importing DoubleStream$Builder.members#62.0-1687115733213-java.trap.gz (509 of 642)
[2024-01-03 15:34:22] Importing DoubleStream$DoubleMapMultiConsumer.members#62.0-1687115733213-java.trap.gz (510 of 642)
[2024-01-03 15:34:22] Importing DoubleStream.members#62.0-1687115733213-java.trap.gz (511 of 642)
[2024-01-03 15:34:22] Importing IntStream$Builder.members#62.0-1687115733213-java.trap.gz (512 of 642)
[2024-01-03 15:34:22] Importing IntStream$IntMapMultiConsumer.members#62.0-1687115733213-java.trap.gz (513 of 642)
[2024-01-03 15:34:22] Importing IntStream.members#62.0-1687115733213-java.trap.gz (514 of 642)
[2024-01-03 15:34:22] Importing LongStream$Builder.members#62.0-1687115733213-java.trap.gz (515 of 642)
[2024-01-03 15:34:22] Importing LongStream$LongMapMultiConsumer.members#62.0-1687115733213-java.trap.gz (516 of 642)
[2024-01-03 15:34:22] Importing LongStream.members#62.0-1687115733213-java.trap.gz (517 of 642)
[2024-01-03 15:34:22] Importing Stream$Builder.members#62.0-1687115733213-java.trap.gz (518 of 642)
[2024-01-03 15:34:22] Importing Stream.members#62.0-1687115733213-java.trap.gz (519 of 642)
[2024-01-03 15:34:22] Importing Subject.members#62.0-1687115733213-java.trap.gz (520 of 642)
[2024-01-03 15:34:22] Importing ValueBased.members#62.0-1687115733213-java.trap.gz (521 of 642)
[2024-01-03 15:34:22] Importing MemorySegmentProxy.members#62.0-1687115733213-java.trap.gz (522 of 642)
[2024-01-03 15:34:22] Importing UnmapperProxy.members#62.0-1687115733213-java.trap.gz (523 of 642)
[2024-01-03 15:34:22] Importing NativeLibrary.members#62.0-1687115733213-java.trap.gz (524 of 642)
[2024-01-03 15:34:22] Importing ScopedMemoryAccess$Scope$ScopedAccessError.members#62.0-1687115733213-java.trap.gz (525 of 642)
[2024-01-03 15:34:22] Importing ScopedMemoryAccess$Scope.members#62.0-1687115733213-java.trap.gz (526 of 642)
[2024-01-03 15:34:22] Importing ScopedMemoryAccess$Scoped.members#62.0-1687115733213-java.trap.gz (527 of 642)
[2024-01-03 15:34:22] Importing ScopedMemoryAccess.members#62.0-1687115733213-java.trap.gz (528 of 642)
[2024-01-03 15:34:22] Importing Unsafe.members#62.0-1687115733213-java.trap.gz (529 of 642)
[2024-01-03 15:34:22] Importing ServicesCatalog$ServiceProvider.members#62.0-1687115733213-java.trap.gz (530 of 642)
[2024-01-03 15:34:22] Importing ServicesCatalog.members#62.0-1687115733213-java.trap.gz (531 of 642)
[2024-01-03 15:34:22] Importing CleanerImpl.members#62.0-1687115733213-java.trap.gz (532 of 642)
[2024-01-03 15:34:22] Importing PhantomCleanable.members#62.0-1687115733213-java.trap.gz (533 of 642)
[2024-01-03 15:34:22] Importing CallerSensitive.members#62.0-1687115733213-java.trap.gz (534 of 642)
[2024-01-03 15:34:22] Importing ConstantPool$Tag.members#62.0-1687115733213-java.trap.gz (535 of 642)
[2024-01-03 15:34:22] Importing ConstantPool.members#62.0-1687115733213-java.trap.gz (536 of 642)
[2024-01-03 15:34:22] Importing ConstructorAccessor.members#62.0-1687115733213-java.trap.gz (537 of 642)
[2024-01-03 15:34:22] Importing FieldAccessor.members#62.0-1687115733213-java.trap.gz (538 of 642)
[2024-01-03 15:34:22] Importing MagicAccessorImpl.members#62.0-1687115733213-java.trap.gz (539 of 642)
[2024-01-03 15:34:22] Importing MethodAccessor.members#62.0-1687115733213-java.trap.gz (540 of 642)
[2024-01-03 15:34:22] Importing MethodAccessorImpl.members#62.0-1687115733213-java.trap.gz (541 of 642)
[2024-01-03 15:34:22] Importing ReflectionFactory.members#62.0-1687115733213-java.trap.gz (542 of 642)
[2024-01-03 15:34:22] Importing RandomSupport$RandomGeneratorProperties.members#62.0-1687115733213-java.trap.gz (543 of 642)
[2024-01-03 15:34:22] Importing RandomSupport.members#62.0-1687115733213-java.trap.gz (544 of 642)
[2024-01-03 15:34:22] Importing Contended.members#62.0-1687115733213-java.trap.gz (545 of 642)
[2024-01-03 15:34:22] Importing DontInline.members#62.0-1687115733213-java.trap.gz (546 of 642)
[2024-01-03 15:34:22] Importing ForceInline.members#62.0-1687115733213-java.trap.gz (547 of 642)
[2024-01-03 15:34:23] Importing Hidden.members#62.0-1687115733213-java.trap.gz (548 of 642)
[2024-01-03 15:34:23] Importing IntrinsicCandidate.members#62.0-1687115733213-java.trap.gz (549 of 642)
[2024-01-03 15:34:23] Importing Stable.members#62.0-1687115733213-java.trap.gz (550 of 642)
[2024-01-03 15:34:23] Importing VectorSupport$BinaryOperation.members#62.0-1687115733213-java.trap.gz (551 of 642)
[2024-01-03 15:34:23] Importing VectorSupport$BroadcastOperation.members#62.0-1687115733213-java.trap.gz (552 of 642)
[2024-01-03 15:34:23] Importing VectorSupport$IndexOperation.members#62.0-1687115733213-java.trap.gz (553 of 642)
[2024-01-03 15:34:23] Importing VectorSupport$LoadOperation.members#62.0-1687115733213-java.trap.gz (554 of 642)
[2024-01-03 15:34:23] Importing VectorSupport$LoadVectorMaskedOperation.members#62.0-1687115733213-java.trap.gz (555 of 642)
[2024-01-03 15:34:23] Importing VectorSupport$LoadVectorOperationWithMap.members#62.0-1687115733213-java.trap.gz (556 of 642)
[2024-01-03 15:34:23] Importing VectorSupport$ReductionOperation.members#62.0-1687115733213-java.trap.gz (557 of 642)
[2024-01-03 15:34:23] Importing VectorSupport$ShuffleIotaOperation.members#62.0-1687115733213-java.trap.gz (558 of 642)
[2024-01-03 15:34:23] Importing VectorSupport$ShuffleToVectorOperation.members#62.0-1687115733213-java.trap.gz (559 of 642)
[2024-01-03 15:34:23] Importing VectorSupport$StoreVectorMaskedOperation.members#62.0-1687115733213-java.trap.gz (560 of 642)
[2024-01-03 15:34:23] Importing VectorSupport$StoreVectorOperation.members#62.0-1687115733213-java.trap.gz (561 of 642)
[2024-01-03 15:34:23] Importing VectorSupport$StoreVectorOperationWithMap.members#62.0-1687115733213-java.trap.gz (562 of 642)
[2024-01-03 15:34:23] Importing VectorSupport$TernaryOperation.members#62.0-1687115733213-java.trap.gz (563 of 642)
[2024-01-03 15:34:23] Importing VectorSupport$UnaryOperation.members#62.0-1687115733213-java.trap.gz (564 of 642)
[2024-01-03 15:34:23] Importing VectorSupport$VecExtractOp.members#62.0-1687115733213-java.trap.gz (565 of 642)
[2024-01-03 15:34:23] Importing VectorSupport$VecInsertOp.members#62.0-1687115733213-java.trap.gz (566 of 642)
[2024-01-03 15:34:23] Importing VectorSupport$Vector.members#62.0-1687115733213-java.trap.gz (567 of 642)
[2024-01-03 15:34:23] Importing VectorSupport$VectorBlendOp.members#62.0-1687115733213-java.trap.gz (568 of 642)
[2024-01-03 15:34:23] Importing VectorSupport$VectorBroadcastIntOp.members#62.0-1687115733213-java.trap.gz (569 of 642)
[2024-01-03 15:34:23] Importing VectorSupport$VectorCompareOp.members#62.0-1687115733213-java.trap.gz (570 of 642)
[2024-01-03 15:34:23] Importing VectorSupport$VectorConvertOp.members#62.0-1687115733213-java.trap.gz (571 of 642)
[2024-01-03 15:34:23] Importing VectorSupport$VectorMask.members#62.0-1687115733213-java.trap.gz (572 of 642)
[2024-01-03 15:34:23] Importing VectorSupport$VectorMaskOp.members#62.0-1687115733213-java.trap.gz (573 of 642)
[2024-01-03 15:34:23] Importing VectorSupport$VectorPayload.members#62.0-1687115733213-java.trap.gz (574 of 642)
[2024-01-03 15:34:23] Importing VectorSupport$VectorRearrangeOp.members#62.0-1687115733213-java.trap.gz (575 of 642)
[2024-01-03 15:34:23] Importing VectorSupport$VectorShuffle.members#62.0-1687115733213-java.trap.gz (576 of 642)
[2024-01-03 15:34:23] Importing VectorSupport$VectorSpecies.members#62.0-1687115733213-java.trap.gz (577 of 642)
[2024-01-03 15:34:23] Importing VectorSupport.members#62.0-1687115733213-java.trap.gz (578 of 642)
[2024-01-03 15:34:23] Importing API$Status.members#50.0-1624787592000-java.trap.gz (579 of 642)
[2024-01-03 15:34:23] Importing API.members#50.0-1624787592000-java.trap.gz (580 of 642)
[2024-01-03 15:34:23] Importing Assertions.members#52.0-318200400000-java.trap.gz (581 of 642)
[2024-01-03 15:34:23] Importing Test.members#52.0-318200400000-java.trap.gz (582 of 642)
[2024-01-03 15:34:23] Importing Executable.members#52.0-318200400000-java.trap.gz (583 of 642)
[2024-01-03 15:34:23] Importing ThrowingSupplier.members#52.0-318200400000-java.trap.gz (584 of 642)
[2024-01-03 15:34:23] Importing Testable.members#52.0-318200400000-java.trap.gz (585 of 642)
[2024-01-03 15:34:23] Importing MultipleFailuresError.members#50.0-1559845432000-java.trap.gz (586 of 642)
[2024-01-03 15:34:23] Importing Empty.members#62.0-1687115733213-java.trap.gz (587 of 642)
[2024-01-03 15:34:23] Importing Wrapper.members#62.0-1687115733213-java.trap.gz (588 of 642)
[2024-01-03 15:34:23] Importing Interruptible.members#62.0-1687115733213-java.trap.gz (589 of 642)
[2024-01-03 15:34:23] Importing AnnotationType.members#62.0-1687115733213-java.trap.gz (590 of 642)
[2024-01-03 15:34:23] Importing GenericsFactory.members#62.0-1687115733213-java.trap.gz (591 of 642)
[2024-01-03 15:34:23] Importing AbstractRepository.members#62.0-1687115733213-java.trap.gz (592 of 642)
[2024-01-03 15:34:23] Importing ConstructorRepository.members#62.0-1687115733213-java.trap.gz (593 of 642)
[2024-01-03 15:34:23] Importing GenericDeclRepository.members#62.0-1687115733213-java.trap.gz (594 of 642)
[2024-01-03 15:34:23] Importing MethodRepository.members#62.0-1687115733213-java.trap.gz (595 of 642)
[2024-01-03 15:34:23] Importing ArrayTypeSignature.members#62.0-1687115733213-java.trap.gz (596 of 642)
[2024-01-03 15:34:23] Importing BaseType.members#62.0-1687115733213-java.trap.gz (597 of 642)
[2024-01-03 15:34:23] Importing BooleanSignature.members#62.0-1687115733213-java.trap.gz (598 of 642)
[2024-01-03 15:34:23] Importing BottomSignature.members#62.0-1687115733213-java.trap.gz (599 of 642)
[2024-01-03 15:34:23] Importing ByteSignature.members#62.0-1687115733213-java.trap.gz (600 of 642)
[2024-01-03 15:34:23] Importing CharSignature.members#62.0-1687115733213-java.trap.gz (601 of 642)
[2024-01-03 15:34:23] Importing ClassSignature.members#62.0-1687115733213-java.trap.gz (602 of 642)
[2024-01-03 15:34:23] Importing ClassTypeSignature.members#62.0-1687115733213-java.trap.gz (603 of 642)
[2024-01-03 15:34:23] Importing DoubleSignature.members#62.0-1687115733213-java.trap.gz (604 of 642)
[2024-01-03 15:34:23] Importing FieldTypeSignature.members#62.0-1687115733213-java.trap.gz (605 of 642)
[2024-01-03 15:34:23] Importing FloatSignature.members#62.0-1687115733213-java.trap.gz (606 of 642)
[2024-01-03 15:34:23] Importing FormalTypeParameter.members#62.0-1687115733213-java.trap.gz (607 of 642)
[2024-01-03 15:34:23] Importing IntSignature.members#62.0-1687115733213-java.trap.gz (608 of 642)
[2024-01-03 15:34:23] Importing LongSignature.members#62.0-1687115733213-java.trap.gz (609 of 642)
[2024-01-03 15:34:23] Importing MethodTypeSignature.members#62.0-1687115733213-java.trap.gz (610 of 642)
[2024-01-03 15:34:23] Importing ReturnType.members#62.0-1687115733213-java.trap.gz (611 of 642)
[2024-01-03 15:34:23] Importing ShortSignature.members#62.0-1687115733213-java.trap.gz (612 of 642)
[2024-01-03 15:34:23] Importing Signature.members#62.0-1687115733213-java.trap.gz (613 of 642)
[2024-01-03 15:34:23] Importing SimpleClassTypeSignature.members#62.0-1687115733213-java.trap.gz (614 of 642)
[2024-01-03 15:34:23] Importing Tree.members#62.0-1687115733213-java.trap.gz (615 of 642)
[2024-01-03 15:34:23] Importing TypeArgument.members#62.0-1687115733213-java.trap.gz (616 of 642)
[2024-01-03 15:34:23] Importing TypeSignature.members#62.0-1687115733213-java.trap.gz (617 of 642)
[2024-01-03 15:34:23] Importing TypeTree.members#62.0-1687115733213-java.trap.gz (618 of 642)
[2024-01-03 15:34:23] Importing TypeVariableSignature.members#62.0-1687115733213-java.trap.gz (619 of 642)
[2024-01-03 15:34:23] Importing VoidDescriptor.members#62.0-1687115733213-java.trap.gz (620 of 642)
[2024-01-03 15:34:23] Importing Wildcard.members#62.0-1687115733213-java.trap.gz (621 of 642)
[2024-01-03 15:34:23] Importing Reifier.members#62.0-1687115733213-java.trap.gz (622 of 642)
[2024-01-03 15:34:23] Importing TypeTreeVisitor.members#62.0-1687115733213-java.trap.gz (623 of 642)
[2024-01-03 15:34:23] Importing Visitor.members#62.0-1687115733213-java.trap.gz (624 of 642)
[2024-01-03 15:34:23] Importing Debug.members#62.0-1687115733213-java.trap.gz (625 of 642)
[2024-01-03 15:34:23] Importing BaseLocale.members#62.0-1687115733213-java.trap.gz (626 of 642)
[2024-01-03 15:34:23] Importing Extension.members#62.0-1687115733213-java.trap.gz (627 of 642)
[2024-01-03 15:34:23] Importing InternalLocaleBuilder$CaseInsensitiveChar.members#62.0-1687115733213-java.trap.gz (628 of 642)
[2024-01-03 15:34:23] Importing InternalLocaleBuilder$CaseInsensitiveString.members#62.0-1687115733213-java.trap.gz (629 of 642)
[2024-01-03 15:34:23] Importing InternalLocaleBuilder.members#62.0-1687115733213-java.trap.gz (630 of 642)
[2024-01-03 15:34:23] Importing LanguageTag.members#62.0-1687115733213-java.trap.gz (631 of 642)
[2024-01-03 15:34:23] Importing LocaleExtensions.members#62.0-1687115733213-java.trap.gz (632 of 642)
[2024-01-03 15:34:23] Importing LocaleSyntaxException.members#62.0-1687115733213-java.trap.gz (633 of 642)
[2024-01-03 15:34:23] Importing ParseStatus.members#62.0-1687115733213-java.trap.gz (634 of 642)
[2024-01-03 15:34:23] Importing diagnostic-1.trap.gz (635 of 642)
[2024-01-03 15:34:23] Importing diagnostic.trap.gz (636 of 642)
[2024-01-03 15:34:23] Importing apiguardian-api-1.1.2.jar.trap.gz (637 of 642)
[2024-01-03 15:34:23] Importing junit-jupiter-api-5.8.2.jar.trap.gz (638 of 642)
[2024-01-03 15:34:23] Importing junit-platform-commons-1.8.2.jar.trap.gz (639 of 642)
[2024-01-03 15:34:23] Importing opentest4j-1.2.0.jar.trap.gz (640 of 642)
[2024-01-03 15:34:23] Importing java.base.trap.gz (641 of 642)
[2024-01-03 15:34:23] Importing sourceLocationPrefix.trap.gz (642 of 642)
[2024-01-03 15:34:24] [PROGRESS] dataset import> Merging relations
[2024-01-03 15:34:26] Merging 1 fragment for 'files'.
[2024-01-03 15:34:26] Merged 5136 bytes (5.02 KiB) for 'files'.
[2024-01-03 15:34:26] Merging 1 fragment for 'folders'.
[2024-01-03 15:34:26] Merged 1040 bytes (1.02 KiB) for 'folders'.
[2024-01-03 15:34:26] Merging 1 fragment for 'containerparent'.
[2024-01-03 15:34:26] Merged 6144 bytes (6.00 KiB) for 'containerparent'.
[2024-01-03 15:34:26] Merging 1 fragment for 'locations_default'.
[2024-01-03 15:34:26] Merged 16632 bytes (16.24 KiB) for 'locations_default'.
[2024-01-03 15:34:26] Merging 1 fragment for 'xmllocations'.
[2024-01-03 15:34:26] Merged 136 bytes for 'xmllocations'.
[2024-01-03 15:34:26] Merging 1 fragment for 'xmlElements'.
[2024-01-03 15:34:26] Merged 100 bytes for 'xmlElements'.
[2024-01-03 15:34:26] Merging 1 fragment for 'xmlAttrs'.
[2024-01-03 15:34:26] Merged 264 bytes for 'xmlAttrs'.
[2024-01-03 15:34:26] Merging 1 fragment for 'numlines'.
[2024-01-03 15:34:26] Merged 240 bytes for 'numlines'.
[2024-01-03 15:34:26] Merging 1 fragment for 'xmlEncoding'.
[2024-01-03 15:34:26] Merged 8 bytes for 'xmlEncoding'.
[2024-01-03 15:34:26] Merging 1 fragment for 'hasLocation'.
[2024-01-03 15:34:26] Merged 140320 bytes (137.03 KiB) for 'hasLocation'.
[2024-01-03 15:34:26] Merging 1 fragment for 'packages'.
[2024-01-03 15:34:26] Merged 1040 bytes (1.02 KiB) for 'packages'.
[2024-01-03 15:34:26] Merging 1 fragment for 'cupackage'.
[2024-01-03 15:34:26] Merged 5088 bytes (4.97 KiB) for 'cupackage'.
[2024-01-03 15:34:26] Merging 1 fragment for 'primitives'.
[2024-01-03 15:34:26] Merged 72 bytes for 'primitives'.
[2024-01-03 15:34:26] Merging 1 fragment for 'stmts'.
[2024-01-03 15:34:26] Merged 220 bytes for 'stmts'.
[2024-01-03 15:34:26] Merging 1 fragment for 'callableBinding'.
[2024-01-03 15:34:26] Merged 64 bytes for 'callableBinding'.
[2024-01-03 15:34:26] Merging 1 fragment for 'exprs'.
[2024-01-03 15:34:26] Merged 50060 bytes (48.89 KiB) for 'exprs'.
[2024-01-03 15:34:26] Merging 1 fragment for 'callableEnclosingExpr'.
[2024-01-03 15:34:26] Merged 160 bytes for 'callableEnclosingExpr'.
[2024-01-03 15:34:26] Merging 1 fragment for 'statementEnclosingExpr'.
[2024-01-03 15:34:26] Merged 120 bytes for 'statementEnclosingExpr'.
[2024-01-03 15:34:26] Merging 1 fragment for 'namestrings'.
[2024-01-03 15:34:27] Merged 6156 bytes (6.01 KiB) for 'namestrings'.
[2024-01-03 15:34:27] Merging 1 fragment for 'arrays'.
[2024-01-03 15:34:27] Merged 3320 bytes (3.24 KiB) for 'arrays'.
[2024-01-03 15:34:27] Merging 1 fragment for 'fields'.
[2024-01-03 15:34:27] Merged 25800 bytes (25.20 KiB) for 'fields'.
[2024-01-03 15:34:27] Merging 1 fragment for 'modifiers'.
[2024-01-03 15:34:27] Merged 96 bytes for 'modifiers'.
[2024-01-03 15:34:27] Merging 1 fragment for 'hasModifier'.
[2024-01-03 15:34:27] Merged 176320 bytes (172.19 KiB) for 'hasModifier'.
[2024-01-03 15:34:27] Merging 1 fragment for 'methods'.
[2024-01-03 15:34:27] Merged 223176 bytes (217.95 KiB) for 'methods'.
[2024-01-03 15:34:27] Merging 1 fragment for 'extendsReftype'.
[2024-01-03 15:34:27] Merged 21664 bytes (21.16 KiB) for 'extendsReftype'.
[2024-01-03 15:34:27] Merging 1 fragment for 'implInterface'.
[2024-01-03 15:34:27] Merged 16640 bytes (16.25 KiB) for 'implInterface'.
[2024-01-03 15:34:27] Merging 1 fragment for 'params'.
[2024-01-03 15:34:27] Merged 219920 bytes (214.77 KiB) for 'params'.
[2024-01-03 15:34:27] Merging 1 fragment for 'paramName'.
[2024-01-03 15:34:27] Merged 8 bytes for 'paramName'.
[2024-01-03 15:34:27] Merging 1 fragment for 'variableBinding'.
[2024-01-03 15:34:27] Merged 1608 bytes (1.57 KiB) for 'variableBinding'.
[2024-01-03 15:34:27] Merging 1 fragment for 'javadoc'.
[2024-01-03 15:34:27] Merged 8 bytes for 'javadoc'.
[2024-01-03 15:34:27] Merging 1 fragment for 'isNormalComment'.
[2024-01-03 15:34:27] Merged 8 bytes for 'isNormalComment'.
[2024-01-03 15:34:27] Merging 1 fragment for 'javadocText'.
[2024-01-03 15:34:27] Merged 32 bytes for 'javadocText'.
[2024-01-03 15:34:27] Merging 1 fragment for 'imports'.
[2024-01-03 15:34:27] Merged 32 bytes for 'imports'.
[2024-01-03 15:34:27] Merging 1 fragment for 'constrs'.
[2024-01-03 15:34:27] Merged 15648 bytes (15.28 KiB) for 'constrs'.
[2024-01-03 15:34:27] Merging 1 fragment for 'isDefConstr'.
[2024-01-03 15:34:27] Merged 8 bytes for 'isDefConstr'.
[2024-01-03 15:34:27] Merging 1 fragment for 'localvars'.
[2024-01-03 15:34:27] Merged 16 bytes for 'localvars'.
[2024-01-03 15:34:27] Merging 1 fragment for 'classes_or_interfaces'.
[2024-01-03 15:34:27] Merged 40064 bytes (39.12 KiB) for 'classes_or_interfaces'.
[2024-01-03 15:34:27] Merging 1 fragment for 'isInterface'.
[2024-01-03 15:34:27] Merged 5860 bytes (5.72 KiB) for 'isInterface'.
[2024-01-03 15:34:27] Merging 1 fragment for 'cumodule'.
[2024-01-03 15:34:28] Merged 4992 bytes (4.88 KiB) for 'cumodule'.
[2024-01-03 15:34:28] Merging 1 fragment for 'exceptions'.
[2024-01-03 15:34:28] Merged 10476 bytes (10.23 KiB) for 'exceptions'.
[2024-01-03 15:34:28] Merging 1 fragment for 'isVarargsParam'.
[2024-01-03 15:34:28] Merged 612 bytes for 'isVarargsParam'.
[2024-01-03 15:34:28] Merging 1 fragment for 'typeArgs'.
[2024-01-03 15:34:28] Merged 25824 bytes (25.22 KiB) for 'typeArgs'.
[2024-01-03 15:34:28] Merging 1 fragment for 'isParameterized'.
[2024-01-03 15:34:28] Merged 7064 bytes (6.90 KiB) for 'isParameterized'.
[2024-01-03 15:34:28] Merging 1 fragment for 'erasure'.
[2024-01-03 15:34:28] Merged 14960 bytes (14.61 KiB) for 'erasure'.
[2024-01-03 15:34:28] Merging 1 fragment for 'annotValue'.
[2024-01-03 15:34:28] Merged 8292 bytes (8.10 KiB) for 'annotValue'.
[2024-01-03 15:34:28] Merging 1 fragment for 'enclInReftype'.
[2024-01-03 15:34:28] Merged 2904 bytes (2.84 KiB) for 'enclInReftype'.
[2024-01-03 15:34:28] Merging 1 fragment for 'isRaw'.
[2024-01-03 15:34:28] Merged 408 bytes for 'isRaw'.
[2024-01-03 15:34:28] Merging 1 fragment for 'wildcards'.
[2024-01-03 15:34:28] Merged 2712 bytes (2.65 KiB) for 'wildcards'.
[2024-01-03 15:34:28] Merging 1 fragment for 'typeBounds'.
[2024-01-03 15:34:28] Merged 6576 bytes (6.42 KiB) for 'typeBounds'.
[2024-01-03 15:34:28] Merging 1 fragment for 'typeVars'.
[2024-01-03 15:34:28] Merged 11120 bytes (10.86 KiB) for 'typeVars'.
[2024-01-03 15:34:28] Merging 1 fragment for 'isEnumType'.
[2024-01-03 15:34:28] Merged 172 bytes for 'isEnumType'.
[2024-01-03 15:34:28] Merging 1 fragment for 'isEnumConst'.
[2024-01-03 15:34:28] Merged 1316 bytes (1.29 KiB) for 'isEnumConst'.
[2024-01-03 15:34:28] Merging 1 fragment for 'isAnnotType'.
[2024-01-03 15:34:28] Merged 84 bytes for 'isAnnotType'.
[2024-01-03 15:34:28] Merging 1 fragment for 'isAnnotElem'.
[2024-01-03 15:34:28] Merged 64 bytes for 'isAnnotElem'.
[2024-01-03 15:34:28] Merging 1 fragment for 'permits'.
[2024-01-03 15:34:28] Merged 176 bytes for 'permits'.
[2024-01-03 15:34:28] Merging 1 fragment for 'compilations'.
[2024-01-03 15:34:28] Merged 32 bytes for 'compilations'.
[2024-01-03 15:34:28] Merging 1 fragment for 'compilation_args'.
[2024-01-03 15:34:28] Merged 96 bytes for 'compilation_args'.
[2024-01-03 15:34:28] Merging 1 fragment for 'compilation_expanded_args'.
[2024-01-03 15:34:28] Merged 528 bytes for 'compilation_expanded_args'.
[2024-01-03 15:34:28] Merging 1 fragment for 'diagnostic_for'.
[2024-01-03 15:34:29] Merged 32 bytes for 'diagnostic_for'.
[2024-01-03 15:34:29] Merging 1 fragment for 'diagnostics'.
[2024-01-03 15:34:29] Merged 56 bytes for 'diagnostics'.
[2024-01-03 15:34:29] Merging 1 fragment for 'compilation_info'.
[2024-01-03 15:34:29] Merged 24 bytes for 'compilation_info'.
[2024-01-03 15:34:29] Merging 1 fragment for 'compilation_time'.
[2024-01-03 15:34:29] Merged 320 bytes for 'compilation_time'.
[2024-01-03 15:34:29] Merging 1 fragment for 'compilation_compiling_files'.
[2024-01-03 15:34:29] Merged 24 bytes for 'compilation_compiling_files'.
[2024-01-03 15:34:29] Merging 1 fragment for 'compilation_compiling_files_completed'.
[2024-01-03 15:34:29] Merged 24 bytes for 'compilation_compiling_files_completed'.
[2024-01-03 15:34:29] Merging 1 fragment for 'compilation_finished'.
[2024-01-03 15:34:29] Merged 48 bytes for 'compilation_finished'.
[2024-01-03 15:34:29] Merging 1 fragment for 'jarManifestMain'.
[2024-01-03 15:34:29] Merged 1008 bytes for 'jarManifestMain'.
[2024-01-03 15:34:29] Merging 1 fragment for 'modules'.
[2024-01-03 15:34:29] Merged 368 bytes for 'modules'.
[2024-01-03 15:34:29] Merging 1 fragment for 'exports'.
[2024-01-03 15:34:29] Merged 936 bytes for 'exports'.
[2024-01-03 15:34:29] Merging 1 fragment for 'directives'.
[2024-01-03 15:34:29] Merged 1232 bytes (1.20 KiB) for 'directives'.
[2024-01-03 15:34:29] Merging 1 fragment for 'exportsTo'.
[2024-01-03 15:34:29] Merged 1352 bytes (1.32 KiB) for 'exportsTo'.
[2024-01-03 15:34:29] Merging 1 fragment for 'uses'.
[2024-01-03 15:34:29] Merged 280 bytes for 'uses'.
[2024-01-03 15:34:29] Merging 1 fragment for 'provides'.
[2024-01-03 15:34:29] Merged 16 bytes for 'provides'.
[2024-01-03 15:34:29] Merging 1 fragment for 'providesWith'.
[2024-01-03 15:34:29] Merged 32 bytes for 'providesWith'.
[2024-01-03 15:34:29] Merging 1 fragment for 'sourceLocationPrefix'.
[2024-01-03 15:34:29] Merged 4 bytes for 'sourceLocationPrefix'.
[2024-01-03 15:34:29] Saving string and id pools to disk.
[2024-01-03 15:34:39] Finished importing TRAP files.
[2024-01-03 15:34:39] Read 7.85 MiB of uncompressed TRAP data.
[2024-01-03 15:34:39] Relation data size: 1.04 MiB (merge rate: 272.82 KiB/s)
[2024-01-03 15:34:39] String pool size: 2.41 MiB
[2024-01-03 15:34:39] ID pool size: 2.25 MiB
[2024-01-03 15:34:39] [PROGRESS] dataset import> Finished writing database (relations: 1.04 MiB; string pool: 2.41 MiB).
[2024-01-03 15:34:39] Pausing evaluation to close the cache at sequence stamp o+3
[2024-01-03 15:34:39] The disk cache is freshly trimmed; leave it be.
[2024-01-03 15:34:39] Unpausing evaluation
[2024-01-03 15:34:45] Plumbing command codeql dataset import completed.
[2024-01-03 15:34:45] [PROGRESS] database finalize> TRAP import complete (32.4s).
[2024-01-03 15:34:46] Running plumbing command: codeql database cleanup --mode=trim -- D:\CyberSec\CTF(Android)\SheHacks-23\Android\earlyaccess\earlyaccessDb
[2024-01-03 15:34:51] [PROGRESS] database cleanup> Cleaning up existing TRAP files after import...
[2024-01-03 15:35:19] [PROGRESS] database cleanup> TRAP files cleaned up (27.7s).
[2024-01-03 15:35:19] [PROGRESS] database cleanup> Cleaning up scratch directory...
[2024-01-03 15:35:19] [PROGRESS] database cleanup> Scratch directory cleaned up (39ms).
[2024-01-03 15:35:19] Running plumbing command: codeql dataset cleanup --mode=trim -- D:\CyberSec\CTF(Android)\SheHacks-23\Android\earlyaccess\earlyaccessDb\db-java
[2024-01-03 15:35:19] [PROGRESS] dataset cleanup> Cleaning up dataset in D:\CyberSec\CTF(Android)\SheHacks-23\Android\earlyaccess\earlyaccessDb\db-java.
[2024-01-03 15:35:19] Trimming disk cache at D:\CyberSec\CTF(Android)\SheHacks-23\Android\earlyaccess\earlyaccessDb\db-java\default\cache in mode trim.
[2024-01-03 15:35:19] Sequence stamp origin is -6234036284094742238
[2024-01-03 15:35:19] Pausing evaluation to zealously trim disk at sequence stamp o+0
[2024-01-03 15:35:19] Unpausing evaluation
[2024-01-03 15:35:19] Trimming completed (64ms): Trimmed disposable data from cache.
[2024-01-03 15:35:19] Pausing evaluation to close the cache at sequence stamp o+1
[2024-01-03 15:35:19] The disk cache is freshly trimmed; leave it be.
[2024-01-03 15:35:19] Unpausing evaluation
[2024-01-03 15:35:19] [PROGRESS] dataset cleanup> Trimmed disposable data from cache.
[2024-01-03 15:35:19] [PROGRESS] dataset cleanup> Finalizing dataset in D:\CyberSec\CTF(Android)\SheHacks-23\Android\earlyaccess\earlyaccessDb\db-java
[2024-01-03 15:35:19] [DETAILS] dataset cleanup> Finished deleting ID pool from D:\CyberSec\CTF(Android)\SheHacks-23\Android\earlyaccess\earlyaccessDb\db-java (156ms).
[2024-01-03 15:35:19] Plumbing command codeql dataset cleanup completed.
[2024-01-03 15:35:19] Plumbing command codeql database cleanup completed with status 0.
[2024-01-03 15:35:19] [PROGRESS] database finalize> Finished zipping source archive (1.55 KiB).
[2024-01-03 15:35:19] Plumbing command codeql database finalize completed.
[2024-01-03 15:35:19] [PROGRESS] database create> Successfully created database at D:\CyberSec\CTF(Android)\SheHacks-23\Android\earlyaccess\earlyaccessDb.
[2024-01-03 15:35:19] Terminating normally.
