[2024-01-03 15:41:20] [javac-extractor-17416] Starting extraction for:
                                              sun.java.command=com.semmle.extractor.java.JavaExtractor --jdk-version 18 --javac-args @@@D:\CyberSec\CTF(Android)\SheHacks-23\Android\SecuredNotes\securedNotesDb\log\ext\javac-1.args
                                              user.dir=D:\CyberSec\CTF(Android)\SheHacks-23\Android\SecuredNotes
[2024-01-03 15:41:20] [javac-extractor-17416] Compilation name D:/CyberSec/CTF(Android)/SheHacks-23/Android/SecuredNotes/securedNotesDb/trap/java/diagnostics/diagnostic-1.trap.gz
[2024-01-03 15:41:20] [javac-extractor-17416] [WARN] Appending source destination directory D:\CyberSec\CTF(Android)\SheHacks-23\Android\SecuredNotes\app\build\generated\sources\annotationProcessor\java\test to sourcepath
[2024-01-03 15:41:21] [javac-extractor-17416] Processing file D:\CyberSec\CTF(Android)\SheHacks-23\Android\SecuredNotes\app\src\test\java\securednotes\AppTest.java
[2024-01-03 15:41:22] [javac-extractor-17416] [WARN] Not rewriting trap file for D:\CyberSec\CTF(Android)\SheHacks-23\Android\SecuredNotes\securedNotesDb\trap\java\classes\java\lang\Object.members\Object.members#62.0-1687115733213-java.trap.gz as it exists
[2024-01-03 15:41:22] [javac-extractor-17416] [WARN] Not rewriting trap file for D:\CyberSec\CTF(Android)\SheHacks-23\Android\SecuredNotes\securedNotesDb\trap\java\classes\securednotes\App.members\App.members#62.0-1704285586000-java.trap.gz as D:\CyberSec\CTF(Android)\SheHacks-23\Android\SecuredNotes\securedNotesDb\trap\java\classes\securednotes\App.members\App.members#0.0-1704285270000-java.trap.gz exists
[2024-01-03 15:41:22] [javac-extractor-17416] [WARN] Not rewriting trap file for D:\CyberSec\CTF(Android)\SheHacks-23\Android\SecuredNotes\securedNotesDb\trap\java\classes\java\lang\String.members\String.members#62.0-1687115733213-java.trap.gz as it exists
[2024-01-03 15:41:22] [javac-extractor-17416] [WARN] Not rewriting trap file for D:\CyberSec\CTF(Android)\SheHacks-23\Android\SecuredNotes\securedNotesDb\trap\java\classes\java\lang\annotation\Annotation.members\Annotation.members#62.0-1687115733213-java.trap.gz as it exists
[2024-01-03 15:41:22] [javac-extractor-17416] [WARN] Not rewriting trap file for D:\CyberSec\CTF(Android)\SheHacks-23\Android\SecuredNotes\securedNotesDb\trap\java\classes\java\lang\annotation\Documented.members\Documented.members#62.0-1687115733213-java.trap.gz as it exists
[2024-01-03 15:41:22] [javac-extractor-17416] [WARN] Not rewriting trap file for D:\CyberSec\CTF(Android)\SheHacks-23\Android\SecuredNotes\securedNotesDb\trap\java\classes\java\lang\annotation\Retention.members\Retention.members#62.0-1687115733213-java.trap.gz as it exists
[2024-01-03 15:41:22] [javac-extractor-17416] [WARN] Not rewriting trap file for D:\CyberSec\CTF(Android)\SheHacks-23\Android\SecuredNotes\securedNotesDb\trap\java\classes\java\lang\annotation\RetentionPolicy.members\RetentionPolicy.members#62.0-1687115733213-java.trap.gz as it exists
[2024-01-03 15:41:22] [javac-extractor-17416] [WARN] Not rewriting trap file for D:\CyberSec\CTF(Android)\SheHacks-23\Android\SecuredNotes\securedNotesDb\trap\java\classes\java\lang\annotation\Target.members\Target.members#62.0-1687115733213-java.trap.gz as it exists
[2024-01-03 15:41:22] [javac-extractor-17416] [WARN] Not rewriting trap file for D:\CyberSec\CTF(Android)\SheHacks-23\Android\SecuredNotes\securedNotesDb\trap\java\classes\java\lang\annotation\ElementType.members\ElementType.members#62.0-1687115733213-java.trap.gz as it exists
[2024-01-03 15:41:22] [javac-extractor-17416] [WARN] Not rewriting trap file for D:\CyberSec\CTF(Android)\SheHacks-23\Android\SecuredNotes\securedNotesDb\trap\java\classes\java\lang\Cloneable.members\Cloneable.members#62.0-1687115733213-java.trap.gz as it exists
[2024-01-03 15:41:22] [javac-extractor-17416] [WARN] Not rewriting trap file for D:\CyberSec\CTF(Android)\SheHacks-23\Android\SecuredNotes\securedNotesDb\trap\java\classes\java\io\Serializable.members\Serializable.members#62.0-1687115733213-java.trap.gz as it exists
[2024-01-03 15:41:23] [javac-extractor-17416] [WARN] Not rewriting trap file for D:\CyberSec\CTF(Android)\SheHacks-23\Android\SecuredNotes\securedNotesDb\trap\java\classes\java\lang\Class.members\Class.members#62.0-1687115733213-java.trap.gz as it exists
[2024-01-03 15:41:23] [javac-extractor-17416] [WARN] Not rewriting trap file for D:\CyberSec\CTF(Android)\SheHacks-23\Android\SecuredNotes\securedNotesDb\trap\java\classes\java\lang\reflect\GenericDeclaration.members\GenericDeclaration.members#62.0-1687115733213-java.trap.gz as it exists
[2024-01-03 15:41:23] [javac-extractor-17416] [WARN] Not rewriting trap file for D:\CyberSec\CTF(Android)\SheHacks-23\Android\SecuredNotes\securedNotesDb\trap\java\classes\java\lang\reflect\Type.members\Type.members#62.0-1687115733213-java.trap.gz as it exists
[2024-01-03 15:41:23] [javac-extractor-17416] [WARN] Not rewriting trap file for D:\CyberSec\CTF(Android)\SheHacks-23\Android\SecuredNotes\securedNotesDb\trap\java\classes\java\lang\reflect\AnnotatedElement.members\AnnotatedElement.members#62.0-1687115733213-java.trap.gz as it exists
[2024-01-03 15:41:23] [javac-extractor-17416] [WARN] Not rewriting trap file for D:\CyberSec\CTF(Android)\SheHacks-23\Android\SecuredNotes\securedNotesDb\trap\java\classes\java\lang\invoke\TypeDescriptor$OfField.members\TypeDescriptor$OfField.members#62.0-1687115733213-java.trap.gz as it exists
[2024-01-03 15:41:23] [javac-extractor-17416] [WARN] Not rewriting trap file for D:\CyberSec\CTF(Android)\SheHacks-23\Android\SecuredNotes\securedNotesDb\trap\java\classes\java\lang\invoke\TypeDescriptor.members\TypeDescriptor.members#62.0-1687115733213-java.trap.gz as it exists
[2024-01-03 15:41:23] [javac-extractor-17416] [WARN] Not rewriting trap file for D:\CyberSec\CTF(Android)\SheHacks-23\Android\SecuredNotes\securedNotesDb\trap\java\classes\java\lang\constant\Constable.members\Constable.members#62.0-1687115733213-java.trap.gz as it exists
[2024-01-03 15:41:23] [javac-extractor-17416] [WARN] Not rewriting trap file for D:\CyberSec\CTF(Android)\SheHacks-23\Android\SecuredNotes\securedNotesDb\trap\java\classes\java\util\function\Supplier.members\Supplier.members#62.0-1687115733213-java.trap.gz as it exists
[2024-01-03 15:41:23] [javac-extractor-17416] [WARN] Not rewriting trap file for D:\CyberSec\CTF(Android)\SheHacks-23\Android\SecuredNotes\securedNotesDb\trap\java\classes\java\lang\FunctionalInterface.members\FunctionalInterface.members#62.0-1687115733213-java.trap.gz as it exists
[2024-01-03 15:41:23] [javac-extractor-17416] [WARN] Not rewriting trap file for D:\CyberSec\CTF(Android)\SheHacks-23\Android\SecuredNotes\securedNotesDb\trap\java\classes\java\time\Duration.members\Duration.members#62.0-1687115733213-java.trap.gz as it exists
[2024-01-03 15:41:23] [javac-extractor-17416] [WARN] Not rewriting trap file for D:\CyberSec\CTF(Android)\SheHacks-23\Android\SecuredNotes\securedNotesDb\trap\java\classes\java\lang\Throwable.members\Throwable.members#62.0-1687115733213-java.trap.gz as it exists
[2024-01-03 15:41:23] [javac-extractor-17416] [WARN] Not rewriting trap file for D:\CyberSec\CTF(Android)\SheHacks-23\Android\SecuredNotes\securedNotesDb\trap\java\classes\java\util\stream\Stream.members\Stream.members#62.0-1687115733213-java.trap.gz as it exists
[2024-01-03 15:41:23] [javac-extractor-17416] [WARN] Not rewriting trap file for D:\CyberSec\CTF(Android)\SheHacks-23\Android\SecuredNotes\securedNotesDb\trap\java\classes\java\util\stream\BaseStream.members\BaseStream.members#62.0-1687115733213-java.trap.gz as it exists
[2024-01-03 15:41:23] [javac-extractor-17416] [WARN] Not rewriting trap file for D:\CyberSec\CTF(Android)\SheHacks-23\Android\SecuredNotes\securedNotesDb\trap\java\classes\java\lang\AutoCloseable.members\AutoCloseable.members#62.0-1687115733213-java.trap.gz as it exists
[2024-01-03 15:41:23] [javac-extractor-17416] [WARN] Not rewriting trap file for D:\CyberSec\CTF(Android)\SheHacks-23\Android\SecuredNotes\securedNotesDb\trap\java\classes\java\util\Collection.members\Collection.members#62.0-1687115733213-java.trap.gz as it exists
[2024-01-03 15:41:23] [javac-extractor-17416] [WARN] Not rewriting trap file for D:\CyberSec\CTF(Android)\SheHacks-23\Android\SecuredNotes\securedNotesDb\trap\java\classes\java\lang\Iterable.members\Iterable.members#62.0-1687115733213-java.trap.gz as it exists
[2024-01-03 15:41:23] [javac-extractor-17416] [WARN] Not rewriting trap file for D:\CyberSec\CTF(Android)\SheHacks-23\Android\SecuredNotes\securedNotesDb\trap\java\classes\java\lang\Character.members\Character.members#62.0-1687115733213-java.trap.gz as it exists
[2024-01-03 15:41:23] [javac-extractor-17416] [WARN] Not rewriting trap file for D:\CyberSec\CTF(Android)\SheHacks-23\Android\SecuredNotes\securedNotesDb\trap\java\classes\java\lang\Double.members\Double.members#62.0-1687115733213-java.trap.gz as it exists
[2024-01-03 15:41:23] [javac-extractor-17416] [WARN] Not rewriting trap file for D:\CyberSec\CTF(Android)\SheHacks-23\Android\SecuredNotes\securedNotesDb\trap\java\classes\java\lang\Float.members\Float.members#62.0-1687115733213-java.trap.gz as it exists
[2024-01-03 15:41:23] [javac-extractor-17416] [WARN] Not rewriting trap file for D:\CyberSec\CTF(Android)\SheHacks-23\Android\SecuredNotes\securedNotesDb\trap\java\classes\java\lang\Long.members\Long.members#62.0-1687115733213-java.trap.gz as it exists
[2024-01-03 15:41:23] [javac-extractor-17416] [WARN] Not rewriting trap file for D:\CyberSec\CTF(Android)\SheHacks-23\Android\SecuredNotes\securedNotesDb\trap\java\classes\java\lang\Integer.members\Integer.members#62.0-1687115733213-java.trap.gz as it exists
[2024-01-03 15:41:24] [javac-extractor-17416] [WARN] Not rewriting trap file for D:\CyberSec\CTF(Android)\SheHacks-23\Android\SecuredNotes\securedNotesDb\trap\java\classes\java\util\List.members\List.members#62.0-1687115733213-java.trap.gz as it exists
[2024-01-03 15:41:24] [javac-extractor-17416] [WARN] Not rewriting trap file for D:\CyberSec\CTF(Android)\SheHacks-23\Android\SecuredNotes\securedNotesDb\trap\java\classes\java\lang\Enum.members\Enum.members#62.0-1687115733213-java.trap.gz as it exists
[2024-01-03 15:41:24] [javac-extractor-17416] [WARN] Not rewriting trap file for D:\CyberSec\CTF(Android)\SheHacks-23\Android\SecuredNotes\securedNotesDb\trap\java\classes\java\lang\Comparable.members\Comparable.members#62.0-1687115733213-java.trap.gz as it exists
[2024-01-03 15:41:24] [javac-extractor-17416] [WARN] Not rewriting trap file for D:\CyberSec\CTF(Android)\SheHacks-23\Android\SecuredNotes\securedNotesDb\trap\java\classes\java\util\Optional.members\Optional.members#62.0-1687115733213-java.trap.gz as it exists
[2024-01-03 15:41:24] [javac-extractor-17416] [WARN] Not rewriting trap file for D:\CyberSec\CTF(Android)\SheHacks-23\Android\SecuredNotes\securedNotesDb\trap\java\classes\jdk\internal\ValueBased.members\ValueBased.members#62.0-1687115733213-java.trap.gz as it exists
[2024-01-03 15:41:24] [javac-extractor-17416] [WARN] Not rewriting trap file for D:\CyberSec\CTF(Android)\SheHacks-23\Android\SecuredNotes\securedNotesDb\trap\java\classes\java\lang\Enum$EnumDesc.members\Enum$EnumDesc.members#62.0-1687115733213-java.trap.gz as it exists
[2024-01-03 15:41:24] [javac-extractor-17416] [WARN] Not rewriting trap file for D:\CyberSec\CTF(Android)\SheHacks-23\Android\SecuredNotes\securedNotesDb\trap\java\classes\java\lang\constant\DynamicConstantDesc.members\DynamicConstantDesc.members#62.0-1687115733213-java.trap.gz as it exists
[2024-01-03 15:41:24] [javac-extractor-17416] [WARN] Not rewriting trap file for D:\CyberSec\CTF(Android)\SheHacks-23\Android\SecuredNotes\securedNotesDb\trap\java\classes\java\lang\constant\ConstantDesc.members\ConstantDesc.members#62.0-1687115733213-java.trap.gz as it exists
[2024-01-03 15:41:24] [javac-extractor-17416] [WARN] Not rewriting trap file for D:\CyberSec\CTF(Android)\SheHacks-23\Android\SecuredNotes\securedNotesDb\trap\java\classes\java\lang\CloneNotSupportedException.members\CloneNotSupportedException.members#62.0-1687115733213-java.trap.gz as it exists
[2024-01-03 15:41:24] [javac-extractor-17416] [WARN] Not rewriting trap file for D:\CyberSec\CTF(Android)\SheHacks-23\Android\SecuredNotes\securedNotesDb\trap\java\classes\java\lang\Number.members\Number.members#62.0-1687115733213-java.trap.gz as it exists
[2024-01-03 15:41:24] [javac-extractor-17416] [WARN] Not rewriting trap file for D:\CyberSec\CTF(Android)\SheHacks-23\Android\SecuredNotes\securedNotesDb\trap\java\classes\jdk\internal\vm\annotation\IntrinsicCandidate.members\IntrinsicCandidate.members#62.0-1687115733213-java.trap.gz as it exists
[2024-01-03 15:41:24] [javac-extractor-17416] [WARN] Not rewriting trap file for D:\CyberSec\CTF(Android)\SheHacks-23\Android\SecuredNotes\securedNotesDb\trap\java\classes\java\lang\Deprecated.members\Deprecated.members#62.0-1687115733213-java.trap.gz as it exists
[2024-01-03 15:41:24] [javac-extractor-17416] [WARN] Not rewriting trap file for D:\CyberSec\CTF(Android)\SheHacks-23\Android\SecuredNotes\securedNotesDb\trap\java\classes\java\lang\NumberFormatException.members\NumberFormatException.members#62.0-1687115733213-java.trap.gz as it exists
[2024-01-03 15:41:24] [javac-extractor-17416] [WARN] Not rewriting trap file for D:\CyberSec\CTF(Android)\SheHacks-23\Android\SecuredNotes\securedNotesDb\trap\java\classes\java\lang\Error.members\Error.members#62.0-1687115733213-java.trap.gz as it exists
[2024-01-03 15:41:24] [javac-extractor-17416] Processing JAR file: C:/Users/User/.gradle/caches/modules-2/files-2.1/org.junit.jupiter/junit-jupiter-api/5.8.2/4c21029217adf07e4c0d0c5e192b6bf610c94bdc/junit-jupiter-api-5.8.2.jar
[2024-01-03 15:41:25] [javac-extractor-17416] Processing JAR file: C:/Users/User/.gradle/caches/modules-2/files-2.1/org.apiguardian/apiguardian-api/1.1.2/a231e0d844d2721b0fa1b238006d15c6ded6842a/apiguardian-api-1.1.2.jar
[2024-01-03 15:41:25] [javac-extractor-17416] Processing JAR file: C:/Users/User/.gradle/caches/modules-2/files-2.1/org.junit.platform/junit-platform-commons/1.8.2/32c8b8617c1342376fd5af2053da6410d8866861/junit-platform-commons-1.8.2.jar
[2024-01-03 15:41:25] [javac-extractor-17416] Processing JAR file: C:/Users/User/.gradle/caches/modules-2/files-2.1/org.opentest4j/opentest4j/1.2.0/28c11eb91f9b6d8e200631d46e20a7f407f2a046/opentest4j-1.2.0.jar
[2024-01-03 15:41:26] [javac-extractor-17416] Javac init time: 0.9s
[2024-01-03 15:41:26] [javac-extractor-17416] Javac attr time: 0.1s
[2024-01-03 15:41:26] [javac-extractor-17416] Extractor time: 4.5s
[2024-01-03 15:41:26] [javac-extractor-17416] Other time: 0.5s
[2024-01-03 15:41:26] [javac-extractor-17416] Total time: 6.0s
